The target system is: Linux -  - armv7
The host system is: Linux - 5.4.0-90-generic - x86_64
Compiling the C compiler identification source file "CMakeCCompilerId.c" succeeded.
Compiler: /home/server/toolchains/gcc-linaro-6.4.1-2017.11-x86_64_arm-linux-gnueabihf/bin/arm-linux-gnueabihf-gcc 
Build flags: -march=armv7-a;-mfpu=vfp;-funsafe-math-optimizations
Id flags:  

The output was:
0


Compilation of the C compiler identification source "CMakeCCompilerId.c" produced "a.out"

The C compiler identification is GNU, found in "/home/server/rahmad/Work/WIN/Rahmad_Wakeword/matador_glass/build/CMakeFiles/3.21.3/CompilerIdC/a.out"

Compiling the CXX compiler identification source file "CMakeCXXCompilerId.cpp" succeeded.
Compiler: /home/server/toolchains/gcc-linaro-6.4.1-2017.11-x86_64_arm-linux-gnueabihf/bin/arm-linux-gnueabihf-g++ 
Build flags: -march=armv7-a;-mfpu=vfp;-funsafe-math-optimizations
Id flags:  

The output was:
0


Compilation of the CXX compiler identification source "CMakeCXXCompilerId.cpp" produced "a.out"

The CXX compiler identification is GNU, found in "/home/server/rahmad/Work/WIN/Rahmad_Wakeword/matador_glass/build/CMakeFiles/3.21.3/CompilerIdCXX/a.out"

Detecting C compiler ABI info compiled with the following output:
Change Dir: /home/server/rahmad/Work/WIN/Rahmad_Wakeword/matador_glass/build/CMakeFiles/CMakeTmp

Run Build Command(s):/usr/bin/make -f Makefile cmTC_a577a/fast && /usr/bin/make  -f CMakeFiles/cmTC_a577a.dir/build.make CMakeFiles/cmTC_a577a.dir/build
make[1]: Entering directory '/home/server/rahmad/Work/WIN/Rahmad_Wakeword/matador_glass/build/CMakeFiles/CMakeTmp'
Building C object CMakeFiles/cmTC_a577a.dir/CMakeCCompilerABI.c.o
/home/server/toolchains/gcc-linaro-6.4.1-2017.11-x86_64_arm-linux-gnueabihf/bin/arm-linux-gnueabihf-gcc   -march=armv7-a -mfpu=vfp -funsafe-math-optimizations    -v -o CMakeFiles/cmTC_a577a.dir/CMakeCCompilerABI.c.o -c /usr/share/cmake-3.21/Modules/CMakeCCompilerABI.c
Using built-in specs.
COLLECT_GCC=/home/server/toolchains/gcc-linaro-6.4.1-2017.11-x86_64_arm-linux-gnueabihf/bin/arm-linux-gnueabihf-gcc
Target: arm-linux-gnueabihf
Configured with: '/home/tcwg-buildslave/workspace/tcwg-make-release/builder_arch/amd64/label/tcwg-x86_64-build/target/arm-linux-gnueabihf/snapshots/gcc.git~linaro-6.4-2017.11/configure' SHELL=/bin/bash --with-mpc=/home/tcwg-buildslave/workspace/tcwg-make-release/builder_arch/amd64/label/tcwg-x86_64-build/target/arm-linux-gnueabihf/_build/builds/destdir/x86_64-unknown-linux-gnu --with-mpfr=/home/tcwg-buildslave/workspace/tcwg-make-release/builder_arch/amd64/label/tcwg-x86_64-build/target/arm-linux-gnueabihf/_build/builds/destdir/x86_64-unknown-linux-gnu --with-gmp=/home/tcwg-buildslave/workspace/tcwg-make-release/builder_arch/amd64/label/tcwg-x86_64-build/target/arm-linux-gnueabihf/_build/builds/destdir/x86_64-unknown-linux-gnu --with-gnu-as --with-gnu-ld --disable-libmudflap --enable-lto --enable-shared --without-included-gettext --enable-nls --disable-sjlj-exceptions --enable-gnu-unique-object --enable-linker-build-id --disable-libstdcxx-pch --enable-c99 --enable-clocale=gnu --enable-libstdcxx-debug --enable-long-long --with-cloog=no --with-ppl=no --with-isl=no --disable-multilib --with-float=hard --with-fpu=vfpv3-d16 --with-mode=thumb --with-tune=cortex-a9 --with-arch=armv7-a --enable-threads=posix --enable-multiarch --enable-libstdcxx-time=yes --enable-gnu-indirect-function --with-build-sysroot=/home/tcwg-buildslave/workspace/tcwg-make-release/builder_arch/amd64/label/tcwg-x86_64-build/target/arm-linux-gnueabihf/_build/sysroots/arm-linux-gnueabihf --with-sysroot=/home/tcwg-buildslave/workspace/tcwg-make-release/builder_arch/amd64/label/tcwg-x86_64-build/target/arm-linux-gnueabihf/_build/builds/destdir/x86_64-unknown-linux-gnu/arm-linux-gnueabihf/libc --enable-checking=release --disable-bootstrap --enable-languages=c,c++,fortran,lto --build=x86_64-unknown-linux-gnu --host=x86_64-unknown-linux-gnu --target=arm-linux-gnueabihf --prefix=/home/tcwg-buildslave/workspace/tcwg-make-release/builder_arch/amd64/label/tcwg-x86_64-build/target/arm-linux-gnueabihf/_build/builds/destdir/x86_64-unknown-linux-gnu
Thread model: posix
gcc version 6.4.1 20171012 (Linaro GCC 6.4-2017.11) 
COLLECT_GCC_OPTIONS='-march=armv7-a' '-mfpu=vfp' '-funsafe-math-optimizations' '-v' '-o' 'CMakeFiles/cmTC_a577a.dir/CMakeCCompilerABI.c.o' '-c' '-mtune=cortex-a9' '-mfloat-abi=hard' '-mthumb' '-mtls-dialect=gnu'
 /home/server/toolchains/gcc-linaro-6.4.1-2017.11-x86_64_arm-linux-gnueabihf/bin/../libexec/gcc/arm-linux-gnueabihf/6.4.1/cc1 -quiet -v -imultilib . -imultiarch arm-linux-gnueabihf -iprefix /home/server/toolchains/gcc-linaro-6.4.1-2017.11-x86_64_arm-linux-gnueabihf/bin/../lib/gcc/arm-linux-gnueabihf/6.4.1/ -isysroot /home/server/toolchains/gcc-linaro-6.4.1-2017.11-x86_64_arm-linux-gnueabihf/bin/../arm-linux-gnueabihf/libc /usr/share/cmake-3.21/Modules/CMakeCCompilerABI.c -quiet -dumpbase CMakeCCompilerABI.c -march=armv7-a -mfpu=vfp -mtune=cortex-a9 -mfloat-abi=hard -mthumb -mtls-dialect=gnu -auxbase-strip CMakeFiles/cmTC_a577a.dir/CMakeCCompilerABI.c.o -version -funsafe-math-optimizations -o /tmp/ccOgiPkH.s
GNU C11 (Linaro GCC 6.4-2017.11) version 6.4.1 20171012 (arm-linux-gnueabihf)
	compiled by GNU C version 4.8.4, GMP version 6.1.0, MPFR version 3.1.4, MPC version 1.0.3, isl version none
GGC heuristics: --param ggc-min-expand=100 --param ggc-min-heapsize=131072
ignoring duplicate directory "/home/server/toolchains/gcc-linaro-6.4.1-2017.11-x86_64_arm-linux-gnueabihf/bin/../lib/gcc/../../lib/gcc/arm-linux-gnueabihf/6.4.1/include"
ignoring nonexistent directory "/home/server/toolchains/gcc-linaro-6.4.1-2017.11-x86_64_arm-linux-gnueabihf/bin/../arm-linux-gnueabihf/libc/usr/local/include/arm-linux-gnueabihf"
ignoring nonexistent directory "/home/server/toolchains/gcc-linaro-6.4.1-2017.11-x86_64_arm-linux-gnueabihf/bin/../arm-linux-gnueabihf/libc/usr/local/include"
ignoring duplicate directory "/home/server/toolchains/gcc-linaro-6.4.1-2017.11-x86_64_arm-linux-gnueabihf/bin/../lib/gcc/../../lib/gcc/arm-linux-gnueabihf/6.4.1/include-fixed"
ignoring duplicate directory "/home/server/toolchains/gcc-linaro-6.4.1-2017.11-x86_64_arm-linux-gnueabihf/bin/../lib/gcc/../../lib/gcc/arm-linux-gnueabihf/6.4.1/../../../../arm-linux-gnueabihf/include"
ignoring nonexistent directory "/home/server/toolchains/gcc-linaro-6.4.1-2017.11-x86_64_arm-linux-gnueabihf/bin/../arm-linux-gnueabihf/libc/usr/include/arm-linux-gnueabihf"
#include "..." search starts here:
#include <...> search starts here:
 /home/server/toolchains/gcc-linaro-6.4.1-2017.11-x86_64_arm-linux-gnueabihf/bin/../lib/gcc/arm-linux-gnueabihf/6.4.1/include
 /home/server/toolchains/gcc-linaro-6.4.1-2017.11-x86_64_arm-linux-gnueabihf/bin/../lib/gcc/arm-linux-gnueabihf/6.4.1/include-fixed
 /home/server/toolchains/gcc-linaro-6.4.1-2017.11-x86_64_arm-linux-gnueabihf/bin/../lib/gcc/arm-linux-gnueabihf/6.4.1/../../../../arm-linux-gnueabihf/include
 /home/server/toolchains/gcc-linaro-6.4.1-2017.11-x86_64_arm-linux-gnueabihf/bin/../arm-linux-gnueabihf/libc/usr/include
End of search list.
GNU C11 (Linaro GCC 6.4-2017.11) version 6.4.1 20171012 (arm-linux-gnueabihf)
	compiled by GNU C version 4.8.4, GMP version 6.1.0, MPFR version 3.1.4, MPC version 1.0.3, isl version none
GGC heuristics: --param ggc-min-expand=100 --param ggc-min-heapsize=131072
Compiler executable checksum: 814592d4e9df174a5f93cce4e6316909
COLLECT_GCC_OPTIONS='-march=armv7-a' '-mfpu=vfp' '-funsafe-math-optimizations' '-v' '-o' 'CMakeFiles/cmTC_a577a.dir/CMakeCCompilerABI.c.o' '-c' '-mtune=cortex-a9' '-mfloat-abi=hard' '-mthumb' '-mtls-dialect=gnu'
 /home/server/toolchains/gcc-linaro-6.4.1-2017.11-x86_64_arm-linux-gnueabihf/bin/../lib/gcc/arm-linux-gnueabihf/6.4.1/../../../../arm-linux-gnueabihf/bin/as -v -march=armv7-a -mfloat-abi=hard -mfpu=vfp -meabi=5 -o CMakeFiles/cmTC_a577a.dir/CMakeCCompilerABI.c.o /tmp/ccOgiPkH.s
GNU assembler version 2.27.0 (arm-linux-gnueabihf) using BFD version (Linaro_Binutils-2017.11) 2.27.0.20161229
COMPILER_PATH=/home/server/toolchains/gcc-linaro-6.4.1-2017.11-x86_64_arm-linux-gnueabihf/bin/../libexec/gcc/arm-linux-gnueabihf/6.4.1/:/home/server/toolchains/gcc-linaro-6.4.1-2017.11-x86_64_arm-linux-gnueabihf/bin/../libexec/gcc/arm-linux-gnueabihf/:/home/server/toolchains/gcc-linaro-6.4.1-2017.11-x86_64_arm-linux-gnueabihf/bin/../libexec/gcc/:/home/server/toolchains/gcc-linaro-6.4.1-2017.11-x86_64_arm-linux-gnueabihf/bin/../lib/gcc/arm-linux-gnueabihf/6.4.1/../../../../arm-linux-gnueabihf/bin/
LIBRARY_PATH=/home/server/toolchains/gcc-linaro-6.4.1-2017.11-x86_64_arm-linux-gnueabihf/bin/../lib/gcc/arm-linux-gnueabihf/6.4.1/:/home/server/toolchains/gcc-linaro-6.4.1-2017.11-x86_64_arm-linux-gnueabihf/bin/../lib/gcc/arm-linux-gnueabihf/:/home/server/toolchains/gcc-linaro-6.4.1-2017.11-x86_64_arm-linux-gnueabihf/bin/../lib/gcc/:/home/server/toolchains/gcc-linaro-6.4.1-2017.11-x86_64_arm-linux-gnueabihf/bin/../lib/gcc/arm-linux-gnueabihf/6.4.1/../../../../arm-linux-gnueabihf/lib/:/home/server/toolchains/gcc-linaro-6.4.1-2017.11-x86_64_arm-linux-gnueabihf/bin/../arm-linux-gnueabihf/libc/lib/:/home/server/toolchains/gcc-linaro-6.4.1-2017.11-x86_64_arm-linux-gnueabihf/bin/../arm-linux-gnueabihf/libc/usr/lib/
COLLECT_GCC_OPTIONS='-march=armv7-a' '-mfpu=vfp' '-funsafe-math-optimizations' '-v' '-o' 'CMakeFiles/cmTC_a577a.dir/CMakeCCompilerABI.c.o' '-c' '-mtune=cortex-a9' '-mfloat-abi=hard' '-mthumb' '-mtls-dialect=gnu'
Linking C executable cmTC_a577a
/usr/bin/cmake -E cmake_link_script CMakeFiles/cmTC_a577a.dir/link.txt --verbose=1
/home/server/toolchains/gcc-linaro-6.4.1-2017.11-x86_64_arm-linux-gnueabihf/bin/arm-linux-gnueabihf-gcc -march=armv7-a -mfpu=vfp -funsafe-math-optimizations   -v CMakeFiles/cmTC_a577a.dir/CMakeCCompilerABI.c.o -o cmTC_a577a 
Using built-in specs.
COLLECT_GCC=/home/server/toolchains/gcc-linaro-6.4.1-2017.11-x86_64_arm-linux-gnueabihf/bin/arm-linux-gnueabihf-gcc
COLLECT_LTO_WRAPPER=/home/server/toolchains/gcc-linaro-6.4.1-2017.11-x86_64_arm-linux-gnueabihf/bin/../libexec/gcc/arm-linux-gnueabihf/6.4.1/lto-wrapper
Target: arm-linux-gnueabihf
Configured with: '/home/tcwg-buildslave/workspace/tcwg-make-release/builder_arch/amd64/label/tcwg-x86_64-build/target/arm-linux-gnueabihf/snapshots/gcc.git~linaro-6.4-2017.11/configure' SHELL=/bin/bash --with-mpc=/home/tcwg-buildslave/workspace/tcwg-make-release/builder_arch/amd64/label/tcwg-x86_64-build/target/arm-linux-gnueabihf/_build/builds/destdir/x86_64-unknown-linux-gnu --with-mpfr=/home/tcwg-buildslave/workspace/tcwg-make-release/builder_arch/amd64/label/tcwg-x86_64-build/target/arm-linux-gnueabihf/_build/builds/destdir/x86_64-unknown-linux-gnu --with-gmp=/home/tcwg-buildslave/workspace/tcwg-make-release/builder_arch/amd64/label/tcwg-x86_64-build/target/arm-linux-gnueabihf/_build/builds/destdir/x86_64-unknown-linux-gnu --with-gnu-as --with-gnu-ld --disable-libmudflap --enable-lto --enable-shared --without-included-gettext --enable-nls --disable-sjlj-exceptions --enable-gnu-unique-object --enable-linker-build-id --disable-libstdcxx-pch --enable-c99 --enable-clocale=gnu --enable-libstdcxx-debug --enable-long-long --with-cloog=no --with-ppl=no --with-isl=no --disable-multilib --with-float=hard --with-fpu=vfpv3-d16 --with-mode=thumb --with-tune=cortex-a9 --with-arch=armv7-a --enable-threads=posix --enable-multiarch --enable-libstdcxx-time=yes --enable-gnu-indirect-function --with-build-sysroot=/home/tcwg-buildslave/workspace/tcwg-make-release/builder_arch/amd64/label/tcwg-x86_64-build/target/arm-linux-gnueabihf/_build/sysroots/arm-linux-gnueabihf --with-sysroot=/home/tcwg-buildslave/workspace/tcwg-make-release/builder_arch/amd64/label/tcwg-x86_64-build/target/arm-linux-gnueabihf/_build/builds/destdir/x86_64-unknown-linux-gnu/arm-linux-gnueabihf/libc --enable-checking=release --disable-bootstrap --enable-languages=c,c++,fortran,lto --build=x86_64-unknown-linux-gnu --host=x86_64-unknown-linux-gnu --target=arm-linux-gnueabihf --prefix=/home/tcwg-buildslave/workspace/tcwg-make-release/builder_arch/amd64/label/tcwg-x86_64-build/target/arm-linux-gnueabihf/_build/builds/destdir/x86_64-unknown-linux-gnu
Thread model: posix
gcc version 6.4.1 20171012 (Linaro GCC 6.4-2017.11) 
COMPILER_PATH=/home/server/toolchains/gcc-linaro-6.4.1-2017.11-x86_64_arm-linux-gnueabihf/bin/../libexec/gcc/arm-linux-gnueabihf/6.4.1/:/home/server/toolchains/gcc-linaro-6.4.1-2017.11-x86_64_arm-linux-gnueabihf/bin/../libexec/gcc/arm-linux-gnueabihf/:/home/server/toolchains/gcc-linaro-6.4.1-2017.11-x86_64_arm-linux-gnueabihf/bin/../libexec/gcc/:/home/server/toolchains/gcc-linaro-6.4.1-2017.11-x86_64_arm-linux-gnueabihf/bin/../lib/gcc/arm-linux-gnueabihf/6.4.1/../../../../arm-linux-gnueabihf/bin/
LIBRARY_PATH=/home/server/toolchains/gcc-linaro-6.4.1-2017.11-x86_64_arm-linux-gnueabihf/bin/../lib/gcc/arm-linux-gnueabihf/6.4.1/:/home/server/toolchains/gcc-linaro-6.4.1-2017.11-x86_64_arm-linux-gnueabihf/bin/../lib/gcc/arm-linux-gnueabihf/:/home/server/toolchains/gcc-linaro-6.4.1-2017.11-x86_64_arm-linux-gnueabihf/bin/../lib/gcc/:/home/server/toolchains/gcc-linaro-6.4.1-2017.11-x86_64_arm-linux-gnueabihf/bin/../lib/gcc/arm-linux-gnueabihf/6.4.1/../../../../arm-linux-gnueabihf/lib/:/home/server/toolchains/gcc-linaro-6.4.1-2017.11-x86_64_arm-linux-gnueabihf/bin/../arm-linux-gnueabihf/libc/lib/:/home/server/toolchains/gcc-linaro-6.4.1-2017.11-x86_64_arm-linux-gnueabihf/bin/../arm-linux-gnueabihf/libc/usr/lib/
COLLECT_GCC_OPTIONS='-march=armv7-a' '-mfpu=vfp' '-funsafe-math-optimizations' '-v' '-o' 'cmTC_a577a' '-mtune=cortex-a9' '-mfloat-abi=hard' '-mthumb' '-mtls-dialect=gnu'
 /home/server/toolchains/gcc-linaro-6.4.1-2017.11-x86_64_arm-linux-gnueabihf/bin/../libexec/gcc/arm-linux-gnueabihf/6.4.1/collect2 -plugin /home/server/toolchains/gcc-linaro-6.4.1-2017.11-x86_64_arm-linux-gnueabihf/bin/../libexec/gcc/arm-linux-gnueabihf/6.4.1/liblto_plugin.so -plugin-opt=/home/server/toolchains/gcc-linaro-6.4.1-2017.11-x86_64_arm-linux-gnueabihf/bin/../libexec/gcc/arm-linux-gnueabihf/6.4.1/lto-wrapper -plugin-opt=-fresolution=/tmp/ccYrMOcH.res -plugin-opt=-pass-through=-lgcc -plugin-opt=-pass-through=-lgcc_s -plugin-opt=-pass-through=-lc -plugin-opt=-pass-through=-lgcc -plugin-opt=-pass-through=-lgcc_s --sysroot=/home/server/toolchains/gcc-linaro-6.4.1-2017.11-x86_64_arm-linux-gnueabihf/bin/../arm-linux-gnueabihf/libc --build-id --eh-frame-hdr -dynamic-linker /lib/ld-linux-armhf.so.3 -X -m armelf_linux_eabi -o cmTC_a577a /home/server/toolchains/gcc-linaro-6.4.1-2017.11-x86_64_arm-linux-gnueabihf/bin/../arm-linux-gnueabihf/libc/usr/lib/crt1.o /home/server/toolchains/gcc-linaro-6.4.1-2017.11-x86_64_arm-linux-gnueabihf/bin/../arm-linux-gnueabihf/libc/usr/lib/crti.o /home/server/toolchains/gcc-linaro-6.4.1-2017.11-x86_64_arm-linux-gnueabihf/bin/../lib/gcc/arm-linux-gnueabihf/6.4.1/crtbegin.o -L/home/server/toolchains/gcc-linaro-6.4.1-2017.11-x86_64_arm-linux-gnueabihf/bin/../lib/gcc/arm-linux-gnueabihf/6.4.1 -L/home/server/toolchains/gcc-linaro-6.4.1-2017.11-x86_64_arm-linux-gnueabihf/bin/../lib/gcc/arm-linux-gnueabihf -L/home/server/toolchains/gcc-linaro-6.4.1-2017.11-x86_64_arm-linux-gnueabihf/bin/../lib/gcc -L/home/server/toolchains/gcc-linaro-6.4.1-2017.11-x86_64_arm-linux-gnueabihf/bin/../lib/gcc/arm-linux-gnueabihf/6.4.1/../../../../arm-linux-gnueabihf/lib -L/home/server/toolchains/gcc-linaro-6.4.1-2017.11-x86_64_arm-linux-gnueabihf/bin/../arm-linux-gnueabihf/libc/lib -L/home/server/toolchains/gcc-linaro-6.4.1-2017.11-x86_64_arm-linux-gnueabihf/bin/../arm-linux-gnueabihf/libc/usr/lib CMakeFiles/cmTC_a577a.dir/CMakeCCompilerABI.c.o -lgcc --as-needed -lgcc_s --no-as-needed -lc -lgcc --as-needed -lgcc_s --no-as-needed /home/server/toolchains/gcc-linaro-6.4.1-2017.11-x86_64_arm-linux-gnueabihf/bin/../lib/gcc/arm-linux-gnueabihf/6.4.1/crtfastmath.o /home/server/toolchains/gcc-linaro-6.4.1-2017.11-x86_64_arm-linux-gnueabihf/bin/../lib/gcc/arm-linux-gnueabihf/6.4.1/crtend.o /home/server/toolchains/gcc-linaro-6.4.1-2017.11-x86_64_arm-linux-gnueabihf/bin/../arm-linux-gnueabihf/libc/usr/lib/crtn.o
COLLECT_GCC_OPTIONS='-march=armv7-a' '-mfpu=vfp' '-funsafe-math-optimizations' '-v' '-o' 'cmTC_a577a' '-mtune=cortex-a9' '-mfloat-abi=hard' '-mthumb' '-mtls-dialect=gnu'
make[1]: Leaving directory '/home/server/rahmad/Work/WIN/Rahmad_Wakeword/matador_glass/build/CMakeFiles/CMakeTmp'



Parsed C implicit include dir info from above output: rv=done
  found start of include info
  found start of implicit include info
    add: [/home/server/toolchains/gcc-linaro-6.4.1-2017.11-x86_64_arm-linux-gnueabihf/bin/../lib/gcc/arm-linux-gnueabihf/6.4.1/include]
    add: [/home/server/toolchains/gcc-linaro-6.4.1-2017.11-x86_64_arm-linux-gnueabihf/bin/../lib/gcc/arm-linux-gnueabihf/6.4.1/include-fixed]
    add: [/home/server/toolchains/gcc-linaro-6.4.1-2017.11-x86_64_arm-linux-gnueabihf/bin/../lib/gcc/arm-linux-gnueabihf/6.4.1/../../../../arm-linux-gnueabihf/include]
    add: [/home/server/toolchains/gcc-linaro-6.4.1-2017.11-x86_64_arm-linux-gnueabihf/bin/../arm-linux-gnueabihf/libc/usr/include]
  end of search list found
  collapse include dir [/home/server/toolchains/gcc-linaro-6.4.1-2017.11-x86_64_arm-linux-gnueabihf/bin/../lib/gcc/arm-linux-gnueabihf/6.4.1/include] ==> [/home/server/toolchains/gcc-linaro-6.4.1-2017.11-x86_64_arm-linux-gnueabihf/lib/gcc/arm-linux-gnueabihf/6.4.1/include]
  collapse include dir [/home/server/toolchains/gcc-linaro-6.4.1-2017.11-x86_64_arm-linux-gnueabihf/bin/../lib/gcc/arm-linux-gnueabihf/6.4.1/include-fixed] ==> [/home/server/toolchains/gcc-linaro-6.4.1-2017.11-x86_64_arm-linux-gnueabihf/lib/gcc/arm-linux-gnueabihf/6.4.1/include-fixed]
  collapse include dir [/home/server/toolchains/gcc-linaro-6.4.1-2017.11-x86_64_arm-linux-gnueabihf/bin/../lib/gcc/arm-linux-gnueabihf/6.4.1/../../../../arm-linux-gnueabihf/include] ==> [/home/server/toolchains/gcc-linaro-6.4.1-2017.11-x86_64_arm-linux-gnueabihf/arm-linux-gnueabihf/include]
  collapse include dir [/home/server/toolchains/gcc-linaro-6.4.1-2017.11-x86_64_arm-linux-gnueabihf/bin/../arm-linux-gnueabihf/libc/usr/include] ==> [/home/server/toolchains/gcc-linaro-6.4.1-2017.11-x86_64_arm-linux-gnueabihf/arm-linux-gnueabihf/libc/usr/include]
  implicit include dirs: [/home/server/toolchains/gcc-linaro-6.4.1-2017.11-x86_64_arm-linux-gnueabihf/lib/gcc/arm-linux-gnueabihf/6.4.1/include;/home/server/toolchains/gcc-linaro-6.4.1-2017.11-x86_64_arm-linux-gnueabihf/lib/gcc/arm-linux-gnueabihf/6.4.1/include-fixed;/home/server/toolchains/gcc-linaro-6.4.1-2017.11-x86_64_arm-linux-gnueabihf/arm-linux-gnueabihf/include;/home/server/toolchains/gcc-linaro-6.4.1-2017.11-x86_64_arm-linux-gnueabihf/arm-linux-gnueabihf/libc/usr/include]


Parsed C implicit link information from above output:
  link line regex: [^( *|.*[/\])(arm-linux-gnueabihf-ld|CMAKE_LINK_STARTFILE-NOTFOUND|([^/\]+-)?ld|collect2)[^/\]*( |$)]
  ignore line: [Change Dir: /home/server/rahmad/Work/WIN/Rahmad_Wakeword/matador_glass/build/CMakeFiles/CMakeTmp]
  ignore line: []
  ignore line: [Run Build Command(s):/usr/bin/make -f Makefile cmTC_a577a/fast && /usr/bin/make  -f CMakeFiles/cmTC_a577a.dir/build.make CMakeFiles/cmTC_a577a.dir/build]
  ignore line: [make[1]: Entering directory '/home/server/rahmad/Work/WIN/Rahmad_Wakeword/matador_glass/build/CMakeFiles/CMakeTmp']
  ignore line: [Building C object CMakeFiles/cmTC_a577a.dir/CMakeCCompilerABI.c.o]
  ignore line: [/home/server/toolchains/gcc-linaro-6.4.1-2017.11-x86_64_arm-linux-gnueabihf/bin/arm-linux-gnueabihf-gcc   -march=armv7-a -mfpu=vfp -funsafe-math-optimizations    -v -o CMakeFiles/cmTC_a577a.dir/CMakeCCompilerABI.c.o -c /usr/share/cmake-3.21/Modules/CMakeCCompilerABI.c]
  ignore line: [Using built-in specs.]
  ignore line: [COLLECT_GCC=/home/server/toolchains/gcc-linaro-6.4.1-2017.11-x86_64_arm-linux-gnueabihf/bin/arm-linux-gnueabihf-gcc]
  ignore line: [Target: arm-linux-gnueabihf]
  ignore line: [Configured with: '/home/tcwg-buildslave/workspace/tcwg-make-release/builder_arch/amd64/label/tcwg-x86_64-build/target/arm-linux-gnueabihf/snapshots/gcc.git~linaro-6.4-2017.11/configure' SHELL=/bin/bash --with-mpc=/home/tcwg-buildslave/workspace/tcwg-make-release/builder_arch/amd64/label/tcwg-x86_64-build/target/arm-linux-gnueabihf/_build/builds/destdir/x86_64-unknown-linux-gnu --with-mpfr=/home/tcwg-buildslave/workspace/tcwg-make-release/builder_arch/amd64/label/tcwg-x86_64-build/target/arm-linux-gnueabihf/_build/builds/destdir/x86_64-unknown-linux-gnu --with-gmp=/home/tcwg-buildslave/workspace/tcwg-make-release/builder_arch/amd64/label/tcwg-x86_64-build/target/arm-linux-gnueabihf/_build/builds/destdir/x86_64-unknown-linux-gnu --with-gnu-as --with-gnu-ld --disable-libmudflap --enable-lto --enable-shared --without-included-gettext --enable-nls --disable-sjlj-exceptions --enable-gnu-unique-object --enable-linker-build-id --disable-libstdcxx-pch --enable-c99 --enable-clocale=gnu --enable-libstdcxx-debug --enable-long-long --with-cloog=no --with-ppl=no --with-isl=no --disable-multilib --with-float=hard --with-fpu=vfpv3-d16 --with-mode=thumb --with-tune=cortex-a9 --with-arch=armv7-a --enable-threads=posix --enable-multiarch --enable-libstdcxx-time=yes --enable-gnu-indirect-function --with-build-sysroot=/home/tcwg-buildslave/workspace/tcwg-make-release/builder_arch/amd64/label/tcwg-x86_64-build/target/arm-linux-gnueabihf/_build/sysroots/arm-linux-gnueabihf --with-sysroot=/home/tcwg-buildslave/workspace/tcwg-make-release/builder_arch/amd64/label/tcwg-x86_64-build/target/arm-linux-gnueabihf/_build/builds/destdir/x86_64-unknown-linux-gnu/arm-linux-gnueabihf/libc --enable-checking=release --disable-bootstrap --enable-languages=c,c++,fortran,lto --build=x86_64-unknown-linux-gnu --host=x86_64-unknown-linux-gnu --target=arm-linux-gnueabihf --prefix=/home/tcwg-buildslave/workspace/tcwg-make-release/builder_arch/amd64/label/tcwg-x86_64-build/target/arm-linux-gnueabihf/_build/builds/destdir/x86_64-unknown-linux-gnu]
  ignore line: [Thread model: posix]
  ignore line: [gcc version 6.4.1 20171012 (Linaro GCC 6.4-2017.11) ]
  ignore line: [COLLECT_GCC_OPTIONS='-march=armv7-a' '-mfpu=vfp' '-funsafe-math-optimizations' '-v' '-o' 'CMakeFiles/cmTC_a577a.dir/CMakeCCompilerABI.c.o' '-c' '-mtune=cortex-a9' '-mfloat-abi=hard' '-mthumb' '-mtls-dialect=gnu']
  ignore line: [ /home/server/toolchains/gcc-linaro-6.4.1-2017.11-x86_64_arm-linux-gnueabihf/bin/../libexec/gcc/arm-linux-gnueabihf/6.4.1/cc1 -quiet -v -imultilib . -imultiarch arm-linux-gnueabihf -iprefix /home/server/toolchains/gcc-linaro-6.4.1-2017.11-x86_64_arm-linux-gnueabihf/bin/../lib/gcc/arm-linux-gnueabihf/6.4.1/ -isysroot /home/server/toolchains/gcc-linaro-6.4.1-2017.11-x86_64_arm-linux-gnueabihf/bin/../arm-linux-gnueabihf/libc /usr/share/cmake-3.21/Modules/CMakeCCompilerABI.c -quiet -dumpbase CMakeCCompilerABI.c -march=armv7-a -mfpu=vfp -mtune=cortex-a9 -mfloat-abi=hard -mthumb -mtls-dialect=gnu -auxbase-strip CMakeFiles/cmTC_a577a.dir/CMakeCCompilerABI.c.o -version -funsafe-math-optimizations -o /tmp/ccOgiPkH.s]
  ignore line: [GNU C11 (Linaro GCC 6.4-2017.11) version 6.4.1 20171012 (arm-linux-gnueabihf)]
  ignore line: [	compiled by GNU C version 4.8.4  GMP version 6.1.0  MPFR version 3.1.4  MPC version 1.0.3  isl version none]
  ignore line: [GGC heuristics: --param ggc-min-expand=100 --param ggc-min-heapsize=131072]
  ignore line: [ignoring duplicate directory "/home/server/toolchains/gcc-linaro-6.4.1-2017.11-x86_64_arm-linux-gnueabihf/bin/../lib/gcc/../../lib/gcc/arm-linux-gnueabihf/6.4.1/include"]
  ignore line: [ignoring nonexistent directory "/home/server/toolchains/gcc-linaro-6.4.1-2017.11-x86_64_arm-linux-gnueabihf/bin/../arm-linux-gnueabihf/libc/usr/local/include/arm-linux-gnueabihf"]
  ignore line: [ignoring nonexistent directory "/home/server/toolchains/gcc-linaro-6.4.1-2017.11-x86_64_arm-linux-gnueabihf/bin/../arm-linux-gnueabihf/libc/usr/local/include"]
  ignore line: [ignoring duplicate directory "/home/server/toolchains/gcc-linaro-6.4.1-2017.11-x86_64_arm-linux-gnueabihf/bin/../lib/gcc/../../lib/gcc/arm-linux-gnueabihf/6.4.1/include-fixed"]
  ignore line: [ignoring duplicate directory "/home/server/toolchains/gcc-linaro-6.4.1-2017.11-x86_64_arm-linux-gnueabihf/bin/../lib/gcc/../../lib/gcc/arm-linux-gnueabihf/6.4.1/../../../../arm-linux-gnueabihf/include"]
  ignore line: [ignoring nonexistent directory "/home/server/toolchains/gcc-linaro-6.4.1-2017.11-x86_64_arm-linux-gnueabihf/bin/../arm-linux-gnueabihf/libc/usr/include/arm-linux-gnueabihf"]
  ignore line: [#include "..." search starts here:]
  ignore line: [#include <...> search starts here:]
  ignore line: [ /home/server/toolchains/gcc-linaro-6.4.1-2017.11-x86_64_arm-linux-gnueabihf/bin/../lib/gcc/arm-linux-gnueabihf/6.4.1/include]
  ignore line: [ /home/server/toolchains/gcc-linaro-6.4.1-2017.11-x86_64_arm-linux-gnueabihf/bin/../lib/gcc/arm-linux-gnueabihf/6.4.1/include-fixed]
  ignore line: [ /home/server/toolchains/gcc-linaro-6.4.1-2017.11-x86_64_arm-linux-gnueabihf/bin/../lib/gcc/arm-linux-gnueabihf/6.4.1/../../../../arm-linux-gnueabihf/include]
  ignore line: [ /home/server/toolchains/gcc-linaro-6.4.1-2017.11-x86_64_arm-linux-gnueabihf/bin/../arm-linux-gnueabihf/libc/usr/include]
  ignore line: [End of search list.]
  ignore line: [GNU C11 (Linaro GCC 6.4-2017.11) version 6.4.1 20171012 (arm-linux-gnueabihf)]
  ignore line: [	compiled by GNU C version 4.8.4  GMP version 6.1.0  MPFR version 3.1.4  MPC version 1.0.3  isl version none]
  ignore line: [GGC heuristics: --param ggc-min-expand=100 --param ggc-min-heapsize=131072]
  ignore line: [Compiler executable checksum: 814592d4e9df174a5f93cce4e6316909]
  ignore line: [COLLECT_GCC_OPTIONS='-march=armv7-a' '-mfpu=vfp' '-funsafe-math-optimizations' '-v' '-o' 'CMakeFiles/cmTC_a577a.dir/CMakeCCompilerABI.c.o' '-c' '-mtune=cortex-a9' '-mfloat-abi=hard' '-mthumb' '-mtls-dialect=gnu']
  ignore line: [ /home/server/toolchains/gcc-linaro-6.4.1-2017.11-x86_64_arm-linux-gnueabihf/bin/../lib/gcc/arm-linux-gnueabihf/6.4.1/../../../../arm-linux-gnueabihf/bin/as -v -march=armv7-a -mfloat-abi=hard -mfpu=vfp -meabi=5 -o CMakeFiles/cmTC_a577a.dir/CMakeCCompilerABI.c.o /tmp/ccOgiPkH.s]
  ignore line: [GNU assembler version 2.27.0 (arm-linux-gnueabihf) using BFD version (Linaro_Binutils-2017.11) 2.27.0.20161229]
  ignore line: [COMPILER_PATH=/home/server/toolchains/gcc-linaro-6.4.1-2017.11-x86_64_arm-linux-gnueabihf/bin/../libexec/gcc/arm-linux-gnueabihf/6.4.1/:/home/server/toolchains/gcc-linaro-6.4.1-2017.11-x86_64_arm-linux-gnueabihf/bin/../libexec/gcc/arm-linux-gnueabihf/:/home/server/toolchains/gcc-linaro-6.4.1-2017.11-x86_64_arm-linux-gnueabihf/bin/../libexec/gcc/:/home/server/toolchains/gcc-linaro-6.4.1-2017.11-x86_64_arm-linux-gnueabihf/bin/../lib/gcc/arm-linux-gnueabihf/6.4.1/../../../../arm-linux-gnueabihf/bin/]
  ignore line: [LIBRARY_PATH=/home/server/toolchains/gcc-linaro-6.4.1-2017.11-x86_64_arm-linux-gnueabihf/bin/../lib/gcc/arm-linux-gnueabihf/6.4.1/:/home/server/toolchains/gcc-linaro-6.4.1-2017.11-x86_64_arm-linux-gnueabihf/bin/../lib/gcc/arm-linux-gnueabihf/:/home/server/toolchains/gcc-linaro-6.4.1-2017.11-x86_64_arm-linux-gnueabihf/bin/../lib/gcc/:/home/server/toolchains/gcc-linaro-6.4.1-2017.11-x86_64_arm-linux-gnueabihf/bin/../lib/gcc/arm-linux-gnueabihf/6.4.1/../../../../arm-linux-gnueabihf/lib/:/home/server/toolchains/gcc-linaro-6.4.1-2017.11-x86_64_arm-linux-gnueabihf/bin/../arm-linux-gnueabihf/libc/lib/:/home/server/toolchains/gcc-linaro-6.4.1-2017.11-x86_64_arm-linux-gnueabihf/bin/../arm-linux-gnueabihf/libc/usr/lib/]
  ignore line: [COLLECT_GCC_OPTIONS='-march=armv7-a' '-mfpu=vfp' '-funsafe-math-optimizations' '-v' '-o' 'CMakeFiles/cmTC_a577a.dir/CMakeCCompilerABI.c.o' '-c' '-mtune=cortex-a9' '-mfloat-abi=hard' '-mthumb' '-mtls-dialect=gnu']
  ignore line: [Linking C executable cmTC_a577a]
  ignore line: [/usr/bin/cmake -E cmake_link_script CMakeFiles/cmTC_a577a.dir/link.txt --verbose=1]
  ignore line: [/home/server/toolchains/gcc-linaro-6.4.1-2017.11-x86_64_arm-linux-gnueabihf/bin/arm-linux-gnueabihf-gcc -march=armv7-a -mfpu=vfp -funsafe-math-optimizations   -v CMakeFiles/cmTC_a577a.dir/CMakeCCompilerABI.c.o -o cmTC_a577a ]
  ignore line: [Using built-in specs.]
  ignore line: [COLLECT_GCC=/home/server/toolchains/gcc-linaro-6.4.1-2017.11-x86_64_arm-linux-gnueabihf/bin/arm-linux-gnueabihf-gcc]
  ignore line: [COLLECT_LTO_WRAPPER=/home/server/toolchains/gcc-linaro-6.4.1-2017.11-x86_64_arm-linux-gnueabihf/bin/../libexec/gcc/arm-linux-gnueabihf/6.4.1/lto-wrapper]
  ignore line: [Target: arm-linux-gnueabihf]
  ignore line: [Configured with: '/home/tcwg-buildslave/workspace/tcwg-make-release/builder_arch/amd64/label/tcwg-x86_64-build/target/arm-linux-gnueabihf/snapshots/gcc.git~linaro-6.4-2017.11/configure' SHELL=/bin/bash --with-mpc=/home/tcwg-buildslave/workspace/tcwg-make-release/builder_arch/amd64/label/tcwg-x86_64-build/target/arm-linux-gnueabihf/_build/builds/destdir/x86_64-unknown-linux-gnu --with-mpfr=/home/tcwg-buildslave/workspace/tcwg-make-release/builder_arch/amd64/label/tcwg-x86_64-build/target/arm-linux-gnueabihf/_build/builds/destdir/x86_64-unknown-linux-gnu --with-gmp=/home/tcwg-buildslave/workspace/tcwg-make-release/builder_arch/amd64/label/tcwg-x86_64-build/target/arm-linux-gnueabihf/_build/builds/destdir/x86_64-unknown-linux-gnu --with-gnu-as --with-gnu-ld --disable-libmudflap --enable-lto --enable-shared --without-included-gettext --enable-nls --disable-sjlj-exceptions --enable-gnu-unique-object --enable-linker-build-id --disable-libstdcxx-pch --enable-c99 --enable-clocale=gnu --enable-libstdcxx-debug --enable-long-long --with-cloog=no --with-ppl=no --with-isl=no --disable-multilib --with-float=hard --with-fpu=vfpv3-d16 --with-mode=thumb --with-tune=cortex-a9 --with-arch=armv7-a --enable-threads=posix --enable-multiarch --enable-libstdcxx-time=yes --enable-gnu-indirect-function --with-build-sysroot=/home/tcwg-buildslave/workspace/tcwg-make-release/builder_arch/amd64/label/tcwg-x86_64-build/target/arm-linux-gnueabihf/_build/sysroots/arm-linux-gnueabihf --with-sysroot=/home/tcwg-buildslave/workspace/tcwg-make-release/builder_arch/amd64/label/tcwg-x86_64-build/target/arm-linux-gnueabihf/_build/builds/destdir/x86_64-unknown-linux-gnu/arm-linux-gnueabihf/libc --enable-checking=release --disable-bootstrap --enable-languages=c,c++,fortran,lto --build=x86_64-unknown-linux-gnu --host=x86_64-unknown-linux-gnu --target=arm-linux-gnueabihf --prefix=/home/tcwg-buildslave/workspace/tcwg-make-release/builder_arch/amd64/label/tcwg-x86_64-build/target/arm-linux-gnueabihf/_build/builds/destdir/x86_64-unknown-linux-gnu]
  ignore line: [Thread model: posix]
  ignore line: [gcc version 6.4.1 20171012 (Linaro GCC 6.4-2017.11) ]
  ignore line: [COMPILER_PATH=/home/server/toolchains/gcc-linaro-6.4.1-2017.11-x86_64_arm-linux-gnueabihf/bin/../libexec/gcc/arm-linux-gnueabihf/6.4.1/:/home/server/toolchains/gcc-linaro-6.4.1-2017.11-x86_64_arm-linux-gnueabihf/bin/../libexec/gcc/arm-linux-gnueabihf/:/home/server/toolchains/gcc-linaro-6.4.1-2017.11-x86_64_arm-linux-gnueabihf/bin/../libexec/gcc/:/home/server/toolchains/gcc-linaro-6.4.1-2017.11-x86_64_arm-linux-gnueabihf/bin/../lib/gcc/arm-linux-gnueabihf/6.4.1/../../../../arm-linux-gnueabihf/bin/]
  ignore line: [LIBRARY_PATH=/home/server/toolchains/gcc-linaro-6.4.1-2017.11-x86_64_arm-linux-gnueabihf/bin/../lib/gcc/arm-linux-gnueabihf/6.4.1/:/home/server/toolchains/gcc-linaro-6.4.1-2017.11-x86_64_arm-linux-gnueabihf/bin/../lib/gcc/arm-linux-gnueabihf/:/home/server/toolchains/gcc-linaro-6.4.1-2017.11-x86_64_arm-linux-gnueabihf/bin/../lib/gcc/:/home/server/toolchains/gcc-linaro-6.4.1-2017.11-x86_64_arm-linux-gnueabihf/bin/../lib/gcc/arm-linux-gnueabihf/6.4.1/../../../../arm-linux-gnueabihf/lib/:/home/server/toolchains/gcc-linaro-6.4.1-2017.11-x86_64_arm-linux-gnueabihf/bin/../arm-linux-gnueabihf/libc/lib/:/home/server/toolchains/gcc-linaro-6.4.1-2017.11-x86_64_arm-linux-gnueabihf/bin/../arm-linux-gnueabihf/libc/usr/lib/]
  ignore line: [COLLECT_GCC_OPTIONS='-march=armv7-a' '-mfpu=vfp' '-funsafe-math-optimizations' '-v' '-o' 'cmTC_a577a' '-mtune=cortex-a9' '-mfloat-abi=hard' '-mthumb' '-mtls-dialect=gnu']
  link line: [ /home/server/toolchains/gcc-linaro-6.4.1-2017.11-x86_64_arm-linux-gnueabihf/bin/../libexec/gcc/arm-linux-gnueabihf/6.4.1/collect2 -plugin /home/server/toolchains/gcc-linaro-6.4.1-2017.11-x86_64_arm-linux-gnueabihf/bin/../libexec/gcc/arm-linux-gnueabihf/6.4.1/liblto_plugin.so -plugin-opt=/home/server/toolchains/gcc-linaro-6.4.1-2017.11-x86_64_arm-linux-gnueabihf/bin/../libexec/gcc/arm-linux-gnueabihf/6.4.1/lto-wrapper -plugin-opt=-fresolution=/tmp/ccYrMOcH.res -plugin-opt=-pass-through=-lgcc -plugin-opt=-pass-through=-lgcc_s -plugin-opt=-pass-through=-lc -plugin-opt=-pass-through=-lgcc -plugin-opt=-pass-through=-lgcc_s --sysroot=/home/server/toolchains/gcc-linaro-6.4.1-2017.11-x86_64_arm-linux-gnueabihf/bin/../arm-linux-gnueabihf/libc --build-id --eh-frame-hdr -dynamic-linker /lib/ld-linux-armhf.so.3 -X -m armelf_linux_eabi -o cmTC_a577a /home/server/toolchains/gcc-linaro-6.4.1-2017.11-x86_64_arm-linux-gnueabihf/bin/../arm-linux-gnueabihf/libc/usr/lib/crt1.o /home/server/toolchains/gcc-linaro-6.4.1-2017.11-x86_64_arm-linux-gnueabihf/bin/../arm-linux-gnueabihf/libc/usr/lib/crti.o /home/server/toolchains/gcc-linaro-6.4.1-2017.11-x86_64_arm-linux-gnueabihf/bin/../lib/gcc/arm-linux-gnueabihf/6.4.1/crtbegin.o -L/home/server/toolchains/gcc-linaro-6.4.1-2017.11-x86_64_arm-linux-gnueabihf/bin/../lib/gcc/arm-linux-gnueabihf/6.4.1 -L/home/server/toolchains/gcc-linaro-6.4.1-2017.11-x86_64_arm-linux-gnueabihf/bin/../lib/gcc/arm-linux-gnueabihf -L/home/server/toolchains/gcc-linaro-6.4.1-2017.11-x86_64_arm-linux-gnueabihf/bin/../lib/gcc -L/home/server/toolchains/gcc-linaro-6.4.1-2017.11-x86_64_arm-linux-gnueabihf/bin/../lib/gcc/arm-linux-gnueabihf/6.4.1/../../../../arm-linux-gnueabihf/lib -L/home/server/toolchains/gcc-linaro-6.4.1-2017.11-x86_64_arm-linux-gnueabihf/bin/../arm-linux-gnueabihf/libc/lib -L/home/server/toolchains/gcc-linaro-6.4.1-2017.11-x86_64_arm-linux-gnueabihf/bin/../arm-linux-gnueabihf/libc/usr/lib CMakeFiles/cmTC_a577a.dir/CMakeCCompilerABI.c.o -lgcc --as-needed -lgcc_s --no-as-needed -lc -lgcc --as-needed -lgcc_s --no-as-needed /home/server/toolchains/gcc-linaro-6.4.1-2017.11-x86_64_arm-linux-gnueabihf/bin/../lib/gcc/arm-linux-gnueabihf/6.4.1/crtfastmath.o /home/server/toolchains/gcc-linaro-6.4.1-2017.11-x86_64_arm-linux-gnueabihf/bin/../lib/gcc/arm-linux-gnueabihf/6.4.1/crtend.o /home/server/toolchains/gcc-linaro-6.4.1-2017.11-x86_64_arm-linux-gnueabihf/bin/../arm-linux-gnueabihf/libc/usr/lib/crtn.o]
    arg [/home/server/toolchains/gcc-linaro-6.4.1-2017.11-x86_64_arm-linux-gnueabihf/bin/../libexec/gcc/arm-linux-gnueabihf/6.4.1/collect2] ==> ignore
    arg [-plugin] ==> ignore
    arg [/home/server/toolchains/gcc-linaro-6.4.1-2017.11-x86_64_arm-linux-gnueabihf/bin/../libexec/gcc/arm-linux-gnueabihf/6.4.1/liblto_plugin.so] ==> ignore
    arg [-plugin-opt=/home/server/toolchains/gcc-linaro-6.4.1-2017.11-x86_64_arm-linux-gnueabihf/bin/../libexec/gcc/arm-linux-gnueabihf/6.4.1/lto-wrapper] ==> ignore
    arg [-plugin-opt=-fresolution=/tmp/ccYrMOcH.res] ==> ignore
    arg [-plugin-opt=-pass-through=-lgcc] ==> ignore
    arg [-plugin-opt=-pass-through=-lgcc_s] ==> ignore
    arg [-plugin-opt=-pass-through=-lc] ==> ignore
    arg [-plugin-opt=-pass-through=-lgcc] ==> ignore
    arg [-plugin-opt=-pass-through=-lgcc_s] ==> ignore
    arg [--sysroot=/home/server/toolchains/gcc-linaro-6.4.1-2017.11-x86_64_arm-linux-gnueabihf/bin/../arm-linux-gnueabihf/libc] ==> ignore
    arg [--build-id] ==> ignore
    arg [--eh-frame-hdr] ==> ignore
    arg [-dynamic-linker] ==> ignore
    arg [/lib/ld-linux-armhf.so.3] ==> ignore
    arg [-X] ==> ignore
    arg [-m] ==> ignore
    arg [armelf_linux_eabi] ==> ignore
    arg [-o] ==> ignore
    arg [cmTC_a577a] ==> ignore
    arg [/home/server/toolchains/gcc-linaro-6.4.1-2017.11-x86_64_arm-linux-gnueabihf/bin/../arm-linux-gnueabihf/libc/usr/lib/crt1.o] ==> obj [/home/server/toolchains/gcc-linaro-6.4.1-2017.11-x86_64_arm-linux-gnueabihf/bin/../arm-linux-gnueabihf/libc/usr/lib/crt1.o]
    arg [/home/server/toolchains/gcc-linaro-6.4.1-2017.11-x86_64_arm-linux-gnueabihf/bin/../arm-linux-gnueabihf/libc/usr/lib/crti.o] ==> obj [/home/server/toolchains/gcc-linaro-6.4.1-2017.11-x86_64_arm-linux-gnueabihf/bin/../arm-linux-gnueabihf/libc/usr/lib/crti.o]
    arg [/home/server/toolchains/gcc-linaro-6.4.1-2017.11-x86_64_arm-linux-gnueabihf/bin/../lib/gcc/arm-linux-gnueabihf/6.4.1/crtbegin.o] ==> obj [/home/server/toolchains/gcc-linaro-6.4.1-2017.11-x86_64_arm-linux-gnueabihf/bin/../lib/gcc/arm-linux-gnueabihf/6.4.1/crtbegin.o]
    arg [-L/home/server/toolchains/gcc-linaro-6.4.1-2017.11-x86_64_arm-linux-gnueabihf/bin/../lib/gcc/arm-linux-gnueabihf/6.4.1] ==> dir [/home/server/toolchains/gcc-linaro-6.4.1-2017.11-x86_64_arm-linux-gnueabihf/bin/../lib/gcc/arm-linux-gnueabihf/6.4.1]
    arg [-L/home/server/toolchains/gcc-linaro-6.4.1-2017.11-x86_64_arm-linux-gnueabihf/bin/../lib/gcc/arm-linux-gnueabihf] ==> dir [/home/server/toolchains/gcc-linaro-6.4.1-2017.11-x86_64_arm-linux-gnueabihf/bin/../lib/gcc/arm-linux-gnueabihf]
    arg [-L/home/server/toolchains/gcc-linaro-6.4.1-2017.11-x86_64_arm-linux-gnueabihf/bin/../lib/gcc] ==> dir [/home/server/toolchains/gcc-linaro-6.4.1-2017.11-x86_64_arm-linux-gnueabihf/bin/../lib/gcc]
    arg [-L/home/server/toolchains/gcc-linaro-6.4.1-2017.11-x86_64_arm-linux-gnueabihf/bin/../lib/gcc/arm-linux-gnueabihf/6.4.1/../../../../arm-linux-gnueabihf/lib] ==> dir [/home/server/toolchains/gcc-linaro-6.4.1-2017.11-x86_64_arm-linux-gnueabihf/bin/../lib/gcc/arm-linux-gnueabihf/6.4.1/../../../../arm-linux-gnueabihf/lib]
    arg [-L/home/server/toolchains/gcc-linaro-6.4.1-2017.11-x86_64_arm-linux-gnueabihf/bin/../arm-linux-gnueabihf/libc/lib] ==> dir [/home/server/toolchains/gcc-linaro-6.4.1-2017.11-x86_64_arm-linux-gnueabihf/bin/../arm-linux-gnueabihf/libc/lib]
    arg [-L/home/server/toolchains/gcc-linaro-6.4.1-2017.11-x86_64_arm-linux-gnueabihf/bin/../arm-linux-gnueabihf/libc/usr/lib] ==> dir [/home/server/toolchains/gcc-linaro-6.4.1-2017.11-x86_64_arm-linux-gnueabihf/bin/../arm-linux-gnueabihf/libc/usr/lib]
    arg [CMakeFiles/cmTC_a577a.dir/CMakeCCompilerABI.c.o] ==> ignore
    arg [-lgcc] ==> lib [gcc]
    arg [--as-needed] ==> ignore
    arg [-lgcc_s] ==> lib [gcc_s]
    arg [--no-as-needed] ==> ignore
    arg [-lc] ==> lib [c]
    arg [-lgcc] ==> lib [gcc]
    arg [--as-needed] ==> ignore
    arg [-lgcc_s] ==> lib [gcc_s]
    arg [--no-as-needed] ==> ignore
    arg [/home/server/toolchains/gcc-linaro-6.4.1-2017.11-x86_64_arm-linux-gnueabihf/bin/../lib/gcc/arm-linux-gnueabihf/6.4.1/crtfastmath.o] ==> obj [/home/server/toolchains/gcc-linaro-6.4.1-2017.11-x86_64_arm-linux-gnueabihf/bin/../lib/gcc/arm-linux-gnueabihf/6.4.1/crtfastmath.o]
    arg [/home/server/toolchains/gcc-linaro-6.4.1-2017.11-x86_64_arm-linux-gnueabihf/bin/../lib/gcc/arm-linux-gnueabihf/6.4.1/crtend.o] ==> obj [/home/server/toolchains/gcc-linaro-6.4.1-2017.11-x86_64_arm-linux-gnueabihf/bin/../lib/gcc/arm-linux-gnueabihf/6.4.1/crtend.o]
    arg [/home/server/toolchains/gcc-linaro-6.4.1-2017.11-x86_64_arm-linux-gnueabihf/bin/../arm-linux-gnueabihf/libc/usr/lib/crtn.o] ==> obj [/home/server/toolchains/gcc-linaro-6.4.1-2017.11-x86_64_arm-linux-gnueabihf/bin/../arm-linux-gnueabihf/libc/usr/lib/crtn.o]
  collapse obj [/home/server/toolchains/gcc-linaro-6.4.1-2017.11-x86_64_arm-linux-gnueabihf/bin/../arm-linux-gnueabihf/libc/usr/lib/crt1.o] ==> [/home/server/toolchains/gcc-linaro-6.4.1-2017.11-x86_64_arm-linux-gnueabihf/arm-linux-gnueabihf/libc/usr/lib/crt1.o]
  collapse obj [/home/server/toolchains/gcc-linaro-6.4.1-2017.11-x86_64_arm-linux-gnueabihf/bin/../arm-linux-gnueabihf/libc/usr/lib/crti.o] ==> [/home/server/toolchains/gcc-linaro-6.4.1-2017.11-x86_64_arm-linux-gnueabihf/arm-linux-gnueabihf/libc/usr/lib/crti.o]
  collapse obj [/home/server/toolchains/gcc-linaro-6.4.1-2017.11-x86_64_arm-linux-gnueabihf/bin/../lib/gcc/arm-linux-gnueabihf/6.4.1/crtbegin.o] ==> [/home/server/toolchains/gcc-linaro-6.4.1-2017.11-x86_64_arm-linux-gnueabihf/lib/gcc/arm-linux-gnueabihf/6.4.1/crtbegin.o]
  collapse obj [/home/server/toolchains/gcc-linaro-6.4.1-2017.11-x86_64_arm-linux-gnueabihf/bin/../lib/gcc/arm-linux-gnueabihf/6.4.1/crtfastmath.o] ==> [/home/server/toolchains/gcc-linaro-6.4.1-2017.11-x86_64_arm-linux-gnueabihf/lib/gcc/arm-linux-gnueabihf/6.4.1/crtfastmath.o]
  collapse obj [/home/server/toolchains/gcc-linaro-6.4.1-2017.11-x86_64_arm-linux-gnueabihf/bin/../lib/gcc/arm-linux-gnueabihf/6.4.1/crtend.o] ==> [/home/server/toolchains/gcc-linaro-6.4.1-2017.11-x86_64_arm-linux-gnueabihf/lib/gcc/arm-linux-gnueabihf/6.4.1/crtend.o]
  collapse obj [/home/server/toolchains/gcc-linaro-6.4.1-2017.11-x86_64_arm-linux-gnueabihf/bin/../arm-linux-gnueabihf/libc/usr/lib/crtn.o] ==> [/home/server/toolchains/gcc-linaro-6.4.1-2017.11-x86_64_arm-linux-gnueabihf/arm-linux-gnueabihf/libc/usr/lib/crtn.o]
  collapse library dir [/home/server/toolchains/gcc-linaro-6.4.1-2017.11-x86_64_arm-linux-gnueabihf/bin/../lib/gcc/arm-linux-gnueabihf/6.4.1] ==> [/home/server/toolchains/gcc-linaro-6.4.1-2017.11-x86_64_arm-linux-gnueabihf/lib/gcc/arm-linux-gnueabihf/6.4.1]
  collapse library dir [/home/server/toolchains/gcc-linaro-6.4.1-2017.11-x86_64_arm-linux-gnueabihf/bin/../lib/gcc/arm-linux-gnueabihf] ==> [/home/server/toolchains/gcc-linaro-6.4.1-2017.11-x86_64_arm-linux-gnueabihf/lib/gcc/arm-linux-gnueabihf]
  collapse library dir [/home/server/toolchains/gcc-linaro-6.4.1-2017.11-x86_64_arm-linux-gnueabihf/bin/../lib/gcc] ==> [/home/server/toolchains/gcc-linaro-6.4.1-2017.11-x86_64_arm-linux-gnueabihf/lib/gcc]
  collapse library dir [/home/server/toolchains/gcc-linaro-6.4.1-2017.11-x86_64_arm-linux-gnueabihf/bin/../lib/gcc/arm-linux-gnueabihf/6.4.1/../../../../arm-linux-gnueabihf/lib] ==> [/home/server/toolchains/gcc-linaro-6.4.1-2017.11-x86_64_arm-linux-gnueabihf/arm-linux-gnueabihf/lib]
  collapse library dir [/home/server/toolchains/gcc-linaro-6.4.1-2017.11-x86_64_arm-linux-gnueabihf/bin/../arm-linux-gnueabihf/libc/lib] ==> [/home/server/toolchains/gcc-linaro-6.4.1-2017.11-x86_64_arm-linux-gnueabihf/arm-linux-gnueabihf/libc/lib]
  collapse library dir [/home/server/toolchains/gcc-linaro-6.4.1-2017.11-x86_64_arm-linux-gnueabihf/bin/../arm-linux-gnueabihf/libc/usr/lib] ==> [/home/server/toolchains/gcc-linaro-6.4.1-2017.11-x86_64_arm-linux-gnueabihf/arm-linux-gnueabihf/libc/usr/lib]
  implicit libs: [gcc;gcc_s;c;gcc;gcc_s]
  implicit objs: [/home/server/toolchains/gcc-linaro-6.4.1-2017.11-x86_64_arm-linux-gnueabihf/arm-linux-gnueabihf/libc/usr/lib/crt1.o;/home/server/toolchains/gcc-linaro-6.4.1-2017.11-x86_64_arm-linux-gnueabihf/arm-linux-gnueabihf/libc/usr/lib/crti.o;/home/server/toolchains/gcc-linaro-6.4.1-2017.11-x86_64_arm-linux-gnueabihf/lib/gcc/arm-linux-gnueabihf/6.4.1/crtbegin.o;/home/server/toolchains/gcc-linaro-6.4.1-2017.11-x86_64_arm-linux-gnueabihf/lib/gcc/arm-linux-gnueabihf/6.4.1/crtfastmath.o;/home/server/toolchains/gcc-linaro-6.4.1-2017.11-x86_64_arm-linux-gnueabihf/lib/gcc/arm-linux-gnueabihf/6.4.1/crtend.o;/home/server/toolchains/gcc-linaro-6.4.1-2017.11-x86_64_arm-linux-gnueabihf/arm-linux-gnueabihf/libc/usr/lib/crtn.o]
  implicit dirs: [/home/server/toolchains/gcc-linaro-6.4.1-2017.11-x86_64_arm-linux-gnueabihf/lib/gcc/arm-linux-gnueabihf/6.4.1;/home/server/toolchains/gcc-linaro-6.4.1-2017.11-x86_64_arm-linux-gnueabihf/lib/gcc/arm-linux-gnueabihf;/home/server/toolchains/gcc-linaro-6.4.1-2017.11-x86_64_arm-linux-gnueabihf/lib/gcc;/home/server/toolchains/gcc-linaro-6.4.1-2017.11-x86_64_arm-linux-gnueabihf/arm-linux-gnueabihf/lib;/home/server/toolchains/gcc-linaro-6.4.1-2017.11-x86_64_arm-linux-gnueabihf/arm-linux-gnueabihf/libc/lib;/home/server/toolchains/gcc-linaro-6.4.1-2017.11-x86_64_arm-linux-gnueabihf/arm-linux-gnueabihf/libc/usr/lib]
  implicit fwks: []


Detecting CXX compiler ABI info compiled with the following output:
Change Dir: /home/server/rahmad/Work/WIN/Rahmad_Wakeword/matador_glass/build/CMakeFiles/CMakeTmp

Run Build Command(s):/usr/bin/make -f Makefile cmTC_f6bc2/fast && /usr/bin/make  -f CMakeFiles/cmTC_f6bc2.dir/build.make CMakeFiles/cmTC_f6bc2.dir/build
make[1]: Entering directory '/home/server/rahmad/Work/WIN/Rahmad_Wakeword/matador_glass/build/CMakeFiles/CMakeTmp'
Building CXX object CMakeFiles/cmTC_f6bc2.dir/CMakeCXXCompilerABI.cpp.o
/home/server/toolchains/gcc-linaro-6.4.1-2017.11-x86_64_arm-linux-gnueabihf/bin/arm-linux-gnueabihf-g++   -march=armv7-a -mfpu=vfp -funsafe-math-optimizations    -v -o CMakeFiles/cmTC_f6bc2.dir/CMakeCXXCompilerABI.cpp.o -c /usr/share/cmake-3.21/Modules/CMakeCXXCompilerABI.cpp
Using built-in specs.
COLLECT_GCC=/home/server/toolchains/gcc-linaro-6.4.1-2017.11-x86_64_arm-linux-gnueabihf/bin/arm-linux-gnueabihf-g++
Target: arm-linux-gnueabihf
Configured with: '/home/tcwg-buildslave/workspace/tcwg-make-release/builder_arch/amd64/label/tcwg-x86_64-build/target/arm-linux-gnueabihf/snapshots/gcc.git~linaro-6.4-2017.11/configure' SHELL=/bin/bash --with-mpc=/home/tcwg-buildslave/workspace/tcwg-make-release/builder_arch/amd64/label/tcwg-x86_64-build/target/arm-linux-gnueabihf/_build/builds/destdir/x86_64-unknown-linux-gnu --with-mpfr=/home/tcwg-buildslave/workspace/tcwg-make-release/builder_arch/amd64/label/tcwg-x86_64-build/target/arm-linux-gnueabihf/_build/builds/destdir/x86_64-unknown-linux-gnu --with-gmp=/home/tcwg-buildslave/workspace/tcwg-make-release/builder_arch/amd64/label/tcwg-x86_64-build/target/arm-linux-gnueabihf/_build/builds/destdir/x86_64-unknown-linux-gnu --with-gnu-as --with-gnu-ld --disable-libmudflap --enable-lto --enable-shared --without-included-gettext --enable-nls --disable-sjlj-exceptions --enable-gnu-unique-object --enable-linker-build-id --disable-libstdcxx-pch --enable-c99 --enable-clocale=gnu --enable-libstdcxx-debug --enable-long-long --with-cloog=no --with-ppl=no --with-isl=no --disable-multilib --with-float=hard --with-fpu=vfpv3-d16 --with-mode=thumb --with-tune=cortex-a9 --with-arch=armv7-a --enable-threads=posix --enable-multiarch --enable-libstdcxx-time=yes --enable-gnu-indirect-function --with-build-sysroot=/home/tcwg-buildslave/workspace/tcwg-make-release/builder_arch/amd64/label/tcwg-x86_64-build/target/arm-linux-gnueabihf/_build/sysroots/arm-linux-gnueabihf --with-sysroot=/home/tcwg-buildslave/workspace/tcwg-make-release/builder_arch/amd64/label/tcwg-x86_64-build/target/arm-linux-gnueabihf/_build/builds/destdir/x86_64-unknown-linux-gnu/arm-linux-gnueabihf/libc --enable-checking=release --disable-bootstrap --enable-languages=c,c++,fortran,lto --build=x86_64-unknown-linux-gnu --host=x86_64-unknown-linux-gnu --target=arm-linux-gnueabihf --prefix=/home/tcwg-buildslave/workspace/tcwg-make-release/builder_arch/amd64/label/tcwg-x86_64-build/target/arm-linux-gnueabihf/_build/builds/destdir/x86_64-unknown-linux-gnu
Thread model: posix
gcc version 6.4.1 20171012 (Linaro GCC 6.4-2017.11) 
COLLECT_GCC_OPTIONS='-march=armv7-a' '-mfpu=vfp' '-funsafe-math-optimizations' '-v' '-o' 'CMakeFiles/cmTC_f6bc2.dir/CMakeCXXCompilerABI.cpp.o' '-c' '-shared-libgcc' '-mtune=cortex-a9' '-mfloat-abi=hard' '-mthumb' '-mtls-dialect=gnu'
 /home/server/toolchains/gcc-linaro-6.4.1-2017.11-x86_64_arm-linux-gnueabihf/bin/../libexec/gcc/arm-linux-gnueabihf/6.4.1/cc1plus -quiet -v -imultilib . -imultiarch arm-linux-gnueabihf -iprefix /home/server/toolchains/gcc-linaro-6.4.1-2017.11-x86_64_arm-linux-gnueabihf/bin/../lib/gcc/arm-linux-gnueabihf/6.4.1/ -isysroot /home/server/toolchains/gcc-linaro-6.4.1-2017.11-x86_64_arm-linux-gnueabihf/bin/../arm-linux-gnueabihf/libc -D_GNU_SOURCE /usr/share/cmake-3.21/Modules/CMakeCXXCompilerABI.cpp -quiet -dumpbase CMakeCXXCompilerABI.cpp -march=armv7-a -mfpu=vfp -mtune=cortex-a9 -mfloat-abi=hard -mthumb -mtls-dialect=gnu -auxbase-strip CMakeFiles/cmTC_f6bc2.dir/CMakeCXXCompilerABI.cpp.o -version -funsafe-math-optimizations -o /tmp/cc3wdVjJ.s
GNU C++14 (Linaro GCC 6.4-2017.11) version 6.4.1 20171012 (arm-linux-gnueabihf)
	compiled by GNU C version 4.8.4, GMP version 6.1.0, MPFR version 3.1.4, MPC version 1.0.3, isl version none
GGC heuristics: --param ggc-min-expand=100 --param ggc-min-heapsize=131072
ignoring duplicate directory "/home/server/toolchains/gcc-linaro-6.4.1-2017.11-x86_64_arm-linux-gnueabihf/bin/../lib/gcc/../../lib/gcc/arm-linux-gnueabihf/6.4.1/../../../../arm-linux-gnueabihf/include/c++/6.4.1"
ignoring duplicate directory "/home/server/toolchains/gcc-linaro-6.4.1-2017.11-x86_64_arm-linux-gnueabihf/bin/../lib/gcc/../../lib/gcc/arm-linux-gnueabihf/6.4.1/../../../../arm-linux-gnueabihf/include/c++/6.4.1/arm-linux-gnueabihf/."
ignoring duplicate directory "/home/server/toolchains/gcc-linaro-6.4.1-2017.11-x86_64_arm-linux-gnueabihf/bin/../lib/gcc/../../lib/gcc/arm-linux-gnueabihf/6.4.1/../../../../arm-linux-gnueabihf/include/c++/6.4.1/backward"
ignoring duplicate directory "/home/server/toolchains/gcc-linaro-6.4.1-2017.11-x86_64_arm-linux-gnueabihf/bin/../lib/gcc/../../lib/gcc/arm-linux-gnueabihf/6.4.1/include"
ignoring nonexistent directory "/home/server/toolchains/gcc-linaro-6.4.1-2017.11-x86_64_arm-linux-gnueabihf/bin/../arm-linux-gnueabihf/libc/usr/local/include/arm-linux-gnueabihf"
ignoring nonexistent directory "/home/server/toolchains/gcc-linaro-6.4.1-2017.11-x86_64_arm-linux-gnueabihf/bin/../arm-linux-gnueabihf/libc/usr/local/include"
ignoring duplicate directory "/home/server/toolchains/gcc-linaro-6.4.1-2017.11-x86_64_arm-linux-gnueabihf/bin/../lib/gcc/../../lib/gcc/arm-linux-gnueabihf/6.4.1/include-fixed"
ignoring duplicate directory "/home/server/toolchains/gcc-linaro-6.4.1-2017.11-x86_64_arm-linux-gnueabihf/bin/../lib/gcc/../../lib/gcc/arm-linux-gnueabihf/6.4.1/../../../../arm-linux-gnueabihf/include"
ignoring nonexistent directory "/home/server/toolchains/gcc-linaro-6.4.1-2017.11-x86_64_arm-linux-gnueabihf/bin/../arm-linux-gnueabihf/libc/usr/include/arm-linux-gnueabihf"
#include "..." search starts here:
#include <...> search starts here:
 /home/server/toolchains/gcc-linaro-6.4.1-2017.11-x86_64_arm-linux-gnueabihf/bin/../lib/gcc/arm-linux-gnueabihf/6.4.1/../../../../arm-linux-gnueabihf/include/c++/6.4.1
 /home/server/toolchains/gcc-linaro-6.4.1-2017.11-x86_64_arm-linux-gnueabihf/bin/../lib/gcc/arm-linux-gnueabihf/6.4.1/../../../../arm-linux-gnueabihf/include/c++/6.4.1/arm-linux-gnueabihf/.
 /home/server/toolchains/gcc-linaro-6.4.1-2017.11-x86_64_arm-linux-gnueabihf/bin/../lib/gcc/arm-linux-gnueabihf/6.4.1/../../../../arm-linux-gnueabihf/include/c++/6.4.1/backward
 /home/server/toolchains/gcc-linaro-6.4.1-2017.11-x86_64_arm-linux-gnueabihf/bin/../lib/gcc/arm-linux-gnueabihf/6.4.1/include
 /home/server/toolchains/gcc-linaro-6.4.1-2017.11-x86_64_arm-linux-gnueabihf/bin/../lib/gcc/arm-linux-gnueabihf/6.4.1/include-fixed
 /home/server/toolchains/gcc-linaro-6.4.1-2017.11-x86_64_arm-linux-gnueabihf/bin/../lib/gcc/arm-linux-gnueabihf/6.4.1/../../../../arm-linux-gnueabihf/include
 /home/server/toolchains/gcc-linaro-6.4.1-2017.11-x86_64_arm-linux-gnueabihf/bin/../arm-linux-gnueabihf/libc/usr/include
End of search list.
GNU C++14 (Linaro GCC 6.4-2017.11) version 6.4.1 20171012 (arm-linux-gnueabihf)
	compiled by GNU C version 4.8.4, GMP version 6.1.0, MPFR version 3.1.4, MPC version 1.0.3, isl version none
GGC heuristics: --param ggc-min-expand=100 --param ggc-min-heapsize=131072
Compiler executable checksum: 9f3e01b449d45ad54cc64976166ddde8
COLLECT_GCC_OPTIONS='-march=armv7-a' '-mfpu=vfp' '-funsafe-math-optimizations' '-v' '-o' 'CMakeFiles/cmTC_f6bc2.dir/CMakeCXXCompilerABI.cpp.o' '-c' '-shared-libgcc' '-mtune=cortex-a9' '-mfloat-abi=hard' '-mthumb' '-mtls-dialect=gnu'
 /home/server/toolchains/gcc-linaro-6.4.1-2017.11-x86_64_arm-linux-gnueabihf/bin/../lib/gcc/arm-linux-gnueabihf/6.4.1/../../../../arm-linux-gnueabihf/bin/as -v -march=armv7-a -mfloat-abi=hard -mfpu=vfp -meabi=5 -o CMakeFiles/cmTC_f6bc2.dir/CMakeCXXCompilerABI.cpp.o /tmp/cc3wdVjJ.s
GNU assembler version 2.27.0 (arm-linux-gnueabihf) using BFD version (Linaro_Binutils-2017.11) 2.27.0.20161229
COMPILER_PATH=/home/server/toolchains/gcc-linaro-6.4.1-2017.11-x86_64_arm-linux-gnueabihf/bin/../libexec/gcc/arm-linux-gnueabihf/6.4.1/:/home/server/toolchains/gcc-linaro-6.4.1-2017.11-x86_64_arm-linux-gnueabihf/bin/../libexec/gcc/arm-linux-gnueabihf/:/home/server/toolchains/gcc-linaro-6.4.1-2017.11-x86_64_arm-linux-gnueabihf/bin/../libexec/gcc/:/home/server/toolchains/gcc-linaro-6.4.1-2017.11-x86_64_arm-linux-gnueabihf/bin/../lib/gcc/arm-linux-gnueabihf/6.4.1/../../../../arm-linux-gnueabihf/bin/
LIBRARY_PATH=/home/server/toolchains/gcc-linaro-6.4.1-2017.11-x86_64_arm-linux-gnueabihf/bin/../lib/gcc/arm-linux-gnueabihf/6.4.1/:/home/server/toolchains/gcc-linaro-6.4.1-2017.11-x86_64_arm-linux-gnueabihf/bin/../lib/gcc/arm-linux-gnueabihf/:/home/server/toolchains/gcc-linaro-6.4.1-2017.11-x86_64_arm-linux-gnueabihf/bin/../lib/gcc/:/home/server/toolchains/gcc-linaro-6.4.1-2017.11-x86_64_arm-linux-gnueabihf/bin/../lib/gcc/arm-linux-gnueabihf/6.4.1/../../../../arm-linux-gnueabihf/lib/:/home/server/toolchains/gcc-linaro-6.4.1-2017.11-x86_64_arm-linux-gnueabihf/bin/../arm-linux-gnueabihf/libc/lib/:/home/server/toolchains/gcc-linaro-6.4.1-2017.11-x86_64_arm-linux-gnueabihf/bin/../arm-linux-gnueabihf/libc/usr/lib/
COLLECT_GCC_OPTIONS='-march=armv7-a' '-mfpu=vfp' '-funsafe-math-optimizations' '-v' '-o' 'CMakeFiles/cmTC_f6bc2.dir/CMakeCXXCompilerABI.cpp.o' '-c' '-shared-libgcc' '-mtune=cortex-a9' '-mfloat-abi=hard' '-mthumb' '-mtls-dialect=gnu'
Linking CXX executable cmTC_f6bc2
/usr/bin/cmake -E cmake_link_script CMakeFiles/cmTC_f6bc2.dir/link.txt --verbose=1
/home/server/toolchains/gcc-linaro-6.4.1-2017.11-x86_64_arm-linux-gnueabihf/bin/arm-linux-gnueabihf-g++ -march=armv7-a -mfpu=vfp -funsafe-math-optimizations   -v CMakeFiles/cmTC_f6bc2.dir/CMakeCXXCompilerABI.cpp.o -o cmTC_f6bc2 
Using built-in specs.
COLLECT_GCC=/home/server/toolchains/gcc-linaro-6.4.1-2017.11-x86_64_arm-linux-gnueabihf/bin/arm-linux-gnueabihf-g++
COLLECT_LTO_WRAPPER=/home/server/toolchains/gcc-linaro-6.4.1-2017.11-x86_64_arm-linux-gnueabihf/bin/../libexec/gcc/arm-linux-gnueabihf/6.4.1/lto-wrapper
Target: arm-linux-gnueabihf
Configured with: '/home/tcwg-buildslave/workspace/tcwg-make-release/builder_arch/amd64/label/tcwg-x86_64-build/target/arm-linux-gnueabihf/snapshots/gcc.git~linaro-6.4-2017.11/configure' SHELL=/bin/bash --with-mpc=/home/tcwg-buildslave/workspace/tcwg-make-release/builder_arch/amd64/label/tcwg-x86_64-build/target/arm-linux-gnueabihf/_build/builds/destdir/x86_64-unknown-linux-gnu --with-mpfr=/home/tcwg-buildslave/workspace/tcwg-make-release/builder_arch/amd64/label/tcwg-x86_64-build/target/arm-linux-gnueabihf/_build/builds/destdir/x86_64-unknown-linux-gnu --with-gmp=/home/tcwg-buildslave/workspace/tcwg-make-release/builder_arch/amd64/label/tcwg-x86_64-build/target/arm-linux-gnueabihf/_build/builds/destdir/x86_64-unknown-linux-gnu --with-gnu-as --with-gnu-ld --disable-libmudflap --enable-lto --enable-shared --without-included-gettext --enable-nls --disable-sjlj-exceptions --enable-gnu-unique-object --enable-linker-build-id --disable-libstdcxx-pch --enable-c99 --enable-clocale=gnu --enable-libstdcxx-debug --enable-long-long --with-cloog=no --with-ppl=no --with-isl=no --disable-multilib --with-float=hard --with-fpu=vfpv3-d16 --with-mode=thumb --with-tune=cortex-a9 --with-arch=armv7-a --enable-threads=posix --enable-multiarch --enable-libstdcxx-time=yes --enable-gnu-indirect-function --with-build-sysroot=/home/tcwg-buildslave/workspace/tcwg-make-release/builder_arch/amd64/label/tcwg-x86_64-build/target/arm-linux-gnueabihf/_build/sysroots/arm-linux-gnueabihf --with-sysroot=/home/tcwg-buildslave/workspace/tcwg-make-release/builder_arch/amd64/label/tcwg-x86_64-build/target/arm-linux-gnueabihf/_build/builds/destdir/x86_64-unknown-linux-gnu/arm-linux-gnueabihf/libc --enable-checking=release --disable-bootstrap --enable-languages=c,c++,fortran,lto --build=x86_64-unknown-linux-gnu --host=x86_64-unknown-linux-gnu --target=arm-linux-gnueabihf --prefix=/home/tcwg-buildslave/workspace/tcwg-make-release/builder_arch/amd64/label/tcwg-x86_64-build/target/arm-linux-gnueabihf/_build/builds/destdir/x86_64-unknown-linux-gnu
Thread model: posix
gcc version 6.4.1 20171012 (Linaro GCC 6.4-2017.11) 
COMPILER_PATH=/home/server/toolchains/gcc-linaro-6.4.1-2017.11-x86_64_arm-linux-gnueabihf/bin/../libexec/gcc/arm-linux-gnueabihf/6.4.1/:/home/server/toolchains/gcc-linaro-6.4.1-2017.11-x86_64_arm-linux-gnueabihf/bin/../libexec/gcc/arm-linux-gnueabihf/:/home/server/toolchains/gcc-linaro-6.4.1-2017.11-x86_64_arm-linux-gnueabihf/bin/../libexec/gcc/:/home/server/toolchains/gcc-linaro-6.4.1-2017.11-x86_64_arm-linux-gnueabihf/bin/../lib/gcc/arm-linux-gnueabihf/6.4.1/../../../../arm-linux-gnueabihf/bin/
LIBRARY_PATH=/home/server/toolchains/gcc-linaro-6.4.1-2017.11-x86_64_arm-linux-gnueabihf/bin/../lib/gcc/arm-linux-gnueabihf/6.4.1/:/home/server/toolchains/gcc-linaro-6.4.1-2017.11-x86_64_arm-linux-gnueabihf/bin/../lib/gcc/arm-linux-gnueabihf/:/home/server/toolchains/gcc-linaro-6.4.1-2017.11-x86_64_arm-linux-gnueabihf/bin/../lib/gcc/:/home/server/toolchains/gcc-linaro-6.4.1-2017.11-x86_64_arm-linux-gnueabihf/bin/../lib/gcc/arm-linux-gnueabihf/6.4.1/../../../../arm-linux-gnueabihf/lib/:/home/server/toolchains/gcc-linaro-6.4.1-2017.11-x86_64_arm-linux-gnueabihf/bin/../arm-linux-gnueabihf/libc/lib/:/home/server/toolchains/gcc-linaro-6.4.1-2017.11-x86_64_arm-linux-gnueabihf/bin/../arm-linux-gnueabihf/libc/usr/lib/
COLLECT_GCC_OPTIONS='-march=armv7-a' '-mfpu=vfp' '-funsafe-math-optimizations' '-v' '-o' 'cmTC_f6bc2' '-shared-libgcc' '-mtune=cortex-a9' '-mfloat-abi=hard' '-mthumb' '-mtls-dialect=gnu'
 /home/server/toolchains/gcc-linaro-6.4.1-2017.11-x86_64_arm-linux-gnueabihf/bin/../libexec/gcc/arm-linux-gnueabihf/6.4.1/collect2 -plugin /home/server/toolchains/gcc-linaro-6.4.1-2017.11-x86_64_arm-linux-gnueabihf/bin/../libexec/gcc/arm-linux-gnueabihf/6.4.1/liblto_plugin.so -plugin-opt=/home/server/toolchains/gcc-linaro-6.4.1-2017.11-x86_64_arm-linux-gnueabihf/bin/../libexec/gcc/arm-linux-gnueabihf/6.4.1/lto-wrapper -plugin-opt=-fresolution=/tmp/ccbizWLM.res -plugin-opt=-pass-through=-lgcc_s -plugin-opt=-pass-through=-lgcc -plugin-opt=-pass-through=-lc -plugin-opt=-pass-through=-lgcc_s -plugin-opt=-pass-through=-lgcc --sysroot=/home/server/toolchains/gcc-linaro-6.4.1-2017.11-x86_64_arm-linux-gnueabihf/bin/../arm-linux-gnueabihf/libc --build-id --eh-frame-hdr -dynamic-linker /lib/ld-linux-armhf.so.3 -X -m armelf_linux_eabi -o cmTC_f6bc2 /home/server/toolchains/gcc-linaro-6.4.1-2017.11-x86_64_arm-linux-gnueabihf/bin/../arm-linux-gnueabihf/libc/usr/lib/crt1.o /home/server/toolchains/gcc-linaro-6.4.1-2017.11-x86_64_arm-linux-gnueabihf/bin/../arm-linux-gnueabihf/libc/usr/lib/crti.o /home/server/toolchains/gcc-linaro-6.4.1-2017.11-x86_64_arm-linux-gnueabihf/bin/../lib/gcc/arm-linux-gnueabihf/6.4.1/crtbegin.o -L/home/server/toolchains/gcc-linaro-6.4.1-2017.11-x86_64_arm-linux-gnueabihf/bin/../lib/gcc/arm-linux-gnueabihf/6.4.1 -L/home/server/toolchains/gcc-linaro-6.4.1-2017.11-x86_64_arm-linux-gnueabihf/bin/../lib/gcc/arm-linux-gnueabihf -L/home/server/toolchains/gcc-linaro-6.4.1-2017.11-x86_64_arm-linux-gnueabihf/bin/../lib/gcc -L/home/server/toolchains/gcc-linaro-6.4.1-2017.11-x86_64_arm-linux-gnueabihf/bin/../lib/gcc/arm-linux-gnueabihf/6.4.1/../../../../arm-linux-gnueabihf/lib -L/home/server/toolchains/gcc-linaro-6.4.1-2017.11-x86_64_arm-linux-gnueabihf/bin/../arm-linux-gnueabihf/libc/lib -L/home/server/toolchains/gcc-linaro-6.4.1-2017.11-x86_64_arm-linux-gnueabihf/bin/../arm-linux-gnueabihf/libc/usr/lib CMakeFiles/cmTC_f6bc2.dir/CMakeCXXCompilerABI.cpp.o -lstdc++ -lm -lgcc_s -lgcc -lc -lgcc_s -lgcc /home/server/toolchains/gcc-linaro-6.4.1-2017.11-x86_64_arm-linux-gnueabihf/bin/../lib/gcc/arm-linux-gnueabihf/6.4.1/crtfastmath.o /home/server/toolchains/gcc-linaro-6.4.1-2017.11-x86_64_arm-linux-gnueabihf/bin/../lib/gcc/arm-linux-gnueabihf/6.4.1/crtend.o /home/server/toolchains/gcc-linaro-6.4.1-2017.11-x86_64_arm-linux-gnueabihf/bin/../arm-linux-gnueabihf/libc/usr/lib/crtn.o
COLLECT_GCC_OPTIONS='-march=armv7-a' '-mfpu=vfp' '-funsafe-math-optimizations' '-v' '-o' 'cmTC_f6bc2' '-shared-libgcc' '-mtune=cortex-a9' '-mfloat-abi=hard' '-mthumb' '-mtls-dialect=gnu'
make[1]: Leaving directory '/home/server/rahmad/Work/WIN/Rahmad_Wakeword/matador_glass/build/CMakeFiles/CMakeTmp'



Parsed CXX implicit include dir info from above output: rv=done
  found start of include info
  found start of implicit include info
    add: [/home/server/toolchains/gcc-linaro-6.4.1-2017.11-x86_64_arm-linux-gnueabihf/bin/../lib/gcc/arm-linux-gnueabihf/6.4.1/../../../../arm-linux-gnueabihf/include/c++/6.4.1]
    add: [/home/server/toolchains/gcc-linaro-6.4.1-2017.11-x86_64_arm-linux-gnueabihf/bin/../lib/gcc/arm-linux-gnueabihf/6.4.1/../../../../arm-linux-gnueabihf/include/c++/6.4.1/arm-linux-gnueabihf/.]
    add: [/home/server/toolchains/gcc-linaro-6.4.1-2017.11-x86_64_arm-linux-gnueabihf/bin/../lib/gcc/arm-linux-gnueabihf/6.4.1/../../../../arm-linux-gnueabihf/include/c++/6.4.1/backward]
    add: [/home/server/toolchains/gcc-linaro-6.4.1-2017.11-x86_64_arm-linux-gnueabihf/bin/../lib/gcc/arm-linux-gnueabihf/6.4.1/include]
    add: [/home/server/toolchains/gcc-linaro-6.4.1-2017.11-x86_64_arm-linux-gnueabihf/bin/../lib/gcc/arm-linux-gnueabihf/6.4.1/include-fixed]
    add: [/home/server/toolchains/gcc-linaro-6.4.1-2017.11-x86_64_arm-linux-gnueabihf/bin/../lib/gcc/arm-linux-gnueabihf/6.4.1/../../../../arm-linux-gnueabihf/include]
    add: [/home/server/toolchains/gcc-linaro-6.4.1-2017.11-x86_64_arm-linux-gnueabihf/bin/../arm-linux-gnueabihf/libc/usr/include]
  end of search list found
  collapse include dir [/home/server/toolchains/gcc-linaro-6.4.1-2017.11-x86_64_arm-linux-gnueabihf/bin/../lib/gcc/arm-linux-gnueabihf/6.4.1/../../../../arm-linux-gnueabihf/include/c++/6.4.1] ==> [/home/server/toolchains/gcc-linaro-6.4.1-2017.11-x86_64_arm-linux-gnueabihf/arm-linux-gnueabihf/include/c++/6.4.1]
  collapse include dir [/home/server/toolchains/gcc-linaro-6.4.1-2017.11-x86_64_arm-linux-gnueabihf/bin/../lib/gcc/arm-linux-gnueabihf/6.4.1/../../../../arm-linux-gnueabihf/include/c++/6.4.1/arm-linux-gnueabihf/.] ==> [/home/server/toolchains/gcc-linaro-6.4.1-2017.11-x86_64_arm-linux-gnueabihf/arm-linux-gnueabihf/include/c++/6.4.1/arm-linux-gnueabihf]
  collapse include dir [/home/server/toolchains/gcc-linaro-6.4.1-2017.11-x86_64_arm-linux-gnueabihf/bin/../lib/gcc/arm-linux-gnueabihf/6.4.1/../../../../arm-linux-gnueabihf/include/c++/6.4.1/backward] ==> [/home/server/toolchains/gcc-linaro-6.4.1-2017.11-x86_64_arm-linux-gnueabihf/arm-linux-gnueabihf/include/c++/6.4.1/backward]
  collapse include dir [/home/server/toolchains/gcc-linaro-6.4.1-2017.11-x86_64_arm-linux-gnueabihf/bin/../lib/gcc/arm-linux-gnueabihf/6.4.1/include] ==> [/home/server/toolchains/gcc-linaro-6.4.1-2017.11-x86_64_arm-linux-gnueabihf/lib/gcc/arm-linux-gnueabihf/6.4.1/include]
  collapse include dir [/home/server/toolchains/gcc-linaro-6.4.1-2017.11-x86_64_arm-linux-gnueabihf/bin/../lib/gcc/arm-linux-gnueabihf/6.4.1/include-fixed] ==> [/home/server/toolchains/gcc-linaro-6.4.1-2017.11-x86_64_arm-linux-gnueabihf/lib/gcc/arm-linux-gnueabihf/6.4.1/include-fixed]
  collapse include dir [/home/server/toolchains/gcc-linaro-6.4.1-2017.11-x86_64_arm-linux-gnueabihf/bin/../lib/gcc/arm-linux-gnueabihf/6.4.1/../../../../arm-linux-gnueabihf/include] ==> [/home/server/toolchains/gcc-linaro-6.4.1-2017.11-x86_64_arm-linux-gnueabihf/arm-linux-gnueabihf/include]
  collapse include dir [/home/server/toolchains/gcc-linaro-6.4.1-2017.11-x86_64_arm-linux-gnueabihf/bin/../arm-linux-gnueabihf/libc/usr/include] ==> [/home/server/toolchains/gcc-linaro-6.4.1-2017.11-x86_64_arm-linux-gnueabihf/arm-linux-gnueabihf/libc/usr/include]
  implicit include dirs: [/home/server/toolchains/gcc-linaro-6.4.1-2017.11-x86_64_arm-linux-gnueabihf/arm-linux-gnueabihf/include/c++/6.4.1;/home/server/toolchains/gcc-linaro-6.4.1-2017.11-x86_64_arm-linux-gnueabihf/arm-linux-gnueabihf/include/c++/6.4.1/arm-linux-gnueabihf;/home/server/toolchains/gcc-linaro-6.4.1-2017.11-x86_64_arm-linux-gnueabihf/arm-linux-gnueabihf/include/c++/6.4.1/backward;/home/server/toolchains/gcc-linaro-6.4.1-2017.11-x86_64_arm-linux-gnueabihf/lib/gcc/arm-linux-gnueabihf/6.4.1/include;/home/server/toolchains/gcc-linaro-6.4.1-2017.11-x86_64_arm-linux-gnueabihf/lib/gcc/arm-linux-gnueabihf/6.4.1/include-fixed;/home/server/toolchains/gcc-linaro-6.4.1-2017.11-x86_64_arm-linux-gnueabihf/arm-linux-gnueabihf/include;/home/server/toolchains/gcc-linaro-6.4.1-2017.11-x86_64_arm-linux-gnueabihf/arm-linux-gnueabihf/libc/usr/include]


Parsed CXX implicit link information from above output:
  link line regex: [^( *|.*[/\])(arm-linux-gnueabihf-ld|CMAKE_LINK_STARTFILE-NOTFOUND|([^/\]+-)?ld|collect2)[^/\]*( |$)]
  ignore line: [Change Dir: /home/server/rahmad/Work/WIN/Rahmad_Wakeword/matador_glass/build/CMakeFiles/CMakeTmp]
  ignore line: []
  ignore line: [Run Build Command(s):/usr/bin/make -f Makefile cmTC_f6bc2/fast && /usr/bin/make  -f CMakeFiles/cmTC_f6bc2.dir/build.make CMakeFiles/cmTC_f6bc2.dir/build]
  ignore line: [make[1]: Entering directory '/home/server/rahmad/Work/WIN/Rahmad_Wakeword/matador_glass/build/CMakeFiles/CMakeTmp']
  ignore line: [Building CXX object CMakeFiles/cmTC_f6bc2.dir/CMakeCXXCompilerABI.cpp.o]
  ignore line: [/home/server/toolchains/gcc-linaro-6.4.1-2017.11-x86_64_arm-linux-gnueabihf/bin/arm-linux-gnueabihf-g++   -march=armv7-a -mfpu=vfp -funsafe-math-optimizations    -v -o CMakeFiles/cmTC_f6bc2.dir/CMakeCXXCompilerABI.cpp.o -c /usr/share/cmake-3.21/Modules/CMakeCXXCompilerABI.cpp]
  ignore line: [Using built-in specs.]
  ignore line: [COLLECT_GCC=/home/server/toolchains/gcc-linaro-6.4.1-2017.11-x86_64_arm-linux-gnueabihf/bin/arm-linux-gnueabihf-g++]
  ignore line: [Target: arm-linux-gnueabihf]
  ignore line: [Configured with: '/home/tcwg-buildslave/workspace/tcwg-make-release/builder_arch/amd64/label/tcwg-x86_64-build/target/arm-linux-gnueabihf/snapshots/gcc.git~linaro-6.4-2017.11/configure' SHELL=/bin/bash --with-mpc=/home/tcwg-buildslave/workspace/tcwg-make-release/builder_arch/amd64/label/tcwg-x86_64-build/target/arm-linux-gnueabihf/_build/builds/destdir/x86_64-unknown-linux-gnu --with-mpfr=/home/tcwg-buildslave/workspace/tcwg-make-release/builder_arch/amd64/label/tcwg-x86_64-build/target/arm-linux-gnueabihf/_build/builds/destdir/x86_64-unknown-linux-gnu --with-gmp=/home/tcwg-buildslave/workspace/tcwg-make-release/builder_arch/amd64/label/tcwg-x86_64-build/target/arm-linux-gnueabihf/_build/builds/destdir/x86_64-unknown-linux-gnu --with-gnu-as --with-gnu-ld --disable-libmudflap --enable-lto --enable-shared --without-included-gettext --enable-nls --disable-sjlj-exceptions --enable-gnu-unique-object --enable-linker-build-id --disable-libstdcxx-pch --enable-c99 --enable-clocale=gnu --enable-libstdcxx-debug --enable-long-long --with-cloog=no --with-ppl=no --with-isl=no --disable-multilib --with-float=hard --with-fpu=vfpv3-d16 --with-mode=thumb --with-tune=cortex-a9 --with-arch=armv7-a --enable-threads=posix --enable-multiarch --enable-libstdcxx-time=yes --enable-gnu-indirect-function --with-build-sysroot=/home/tcwg-buildslave/workspace/tcwg-make-release/builder_arch/amd64/label/tcwg-x86_64-build/target/arm-linux-gnueabihf/_build/sysroots/arm-linux-gnueabihf --with-sysroot=/home/tcwg-buildslave/workspace/tcwg-make-release/builder_arch/amd64/label/tcwg-x86_64-build/target/arm-linux-gnueabihf/_build/builds/destdir/x86_64-unknown-linux-gnu/arm-linux-gnueabihf/libc --enable-checking=release --disable-bootstrap --enable-languages=c,c++,fortran,lto --build=x86_64-unknown-linux-gnu --host=x86_64-unknown-linux-gnu --target=arm-linux-gnueabihf --prefix=/home/tcwg-buildslave/workspace/tcwg-make-release/builder_arch/amd64/label/tcwg-x86_64-build/target/arm-linux-gnueabihf/_build/builds/destdir/x86_64-unknown-linux-gnu]
  ignore line: [Thread model: posix]
  ignore line: [gcc version 6.4.1 20171012 (Linaro GCC 6.4-2017.11) ]
  ignore line: [COLLECT_GCC_OPTIONS='-march=armv7-a' '-mfpu=vfp' '-funsafe-math-optimizations' '-v' '-o' 'CMakeFiles/cmTC_f6bc2.dir/CMakeCXXCompilerABI.cpp.o' '-c' '-shared-libgcc' '-mtune=cortex-a9' '-mfloat-abi=hard' '-mthumb' '-mtls-dialect=gnu']
  ignore line: [ /home/server/toolchains/gcc-linaro-6.4.1-2017.11-x86_64_arm-linux-gnueabihf/bin/../libexec/gcc/arm-linux-gnueabihf/6.4.1/cc1plus -quiet -v -imultilib . -imultiarch arm-linux-gnueabihf -iprefix /home/server/toolchains/gcc-linaro-6.4.1-2017.11-x86_64_arm-linux-gnueabihf/bin/../lib/gcc/arm-linux-gnueabihf/6.4.1/ -isysroot /home/server/toolchains/gcc-linaro-6.4.1-2017.11-x86_64_arm-linux-gnueabihf/bin/../arm-linux-gnueabihf/libc -D_GNU_SOURCE /usr/share/cmake-3.21/Modules/CMakeCXXCompilerABI.cpp -quiet -dumpbase CMakeCXXCompilerABI.cpp -march=armv7-a -mfpu=vfp -mtune=cortex-a9 -mfloat-abi=hard -mthumb -mtls-dialect=gnu -auxbase-strip CMakeFiles/cmTC_f6bc2.dir/CMakeCXXCompilerABI.cpp.o -version -funsafe-math-optimizations -o /tmp/cc3wdVjJ.s]
  ignore line: [GNU C++14 (Linaro GCC 6.4-2017.11) version 6.4.1 20171012 (arm-linux-gnueabihf)]
  ignore line: [	compiled by GNU C version 4.8.4  GMP version 6.1.0  MPFR version 3.1.4  MPC version 1.0.3  isl version none]
  ignore line: [GGC heuristics: --param ggc-min-expand=100 --param ggc-min-heapsize=131072]
  ignore line: [ignoring duplicate directory "/home/server/toolchains/gcc-linaro-6.4.1-2017.11-x86_64_arm-linux-gnueabihf/bin/../lib/gcc/../../lib/gcc/arm-linux-gnueabihf/6.4.1/../../../../arm-linux-gnueabihf/include/c++/6.4.1"]
  ignore line: [ignoring duplicate directory "/home/server/toolchains/gcc-linaro-6.4.1-2017.11-x86_64_arm-linux-gnueabihf/bin/../lib/gcc/../../lib/gcc/arm-linux-gnueabihf/6.4.1/../../../../arm-linux-gnueabihf/include/c++/6.4.1/arm-linux-gnueabihf/."]
  ignore line: [ignoring duplicate directory "/home/server/toolchains/gcc-linaro-6.4.1-2017.11-x86_64_arm-linux-gnueabihf/bin/../lib/gcc/../../lib/gcc/arm-linux-gnueabihf/6.4.1/../../../../arm-linux-gnueabihf/include/c++/6.4.1/backward"]
  ignore line: [ignoring duplicate directory "/home/server/toolchains/gcc-linaro-6.4.1-2017.11-x86_64_arm-linux-gnueabihf/bin/../lib/gcc/../../lib/gcc/arm-linux-gnueabihf/6.4.1/include"]
  ignore line: [ignoring nonexistent directory "/home/server/toolchains/gcc-linaro-6.4.1-2017.11-x86_64_arm-linux-gnueabihf/bin/../arm-linux-gnueabihf/libc/usr/local/include/arm-linux-gnueabihf"]
  ignore line: [ignoring nonexistent directory "/home/server/toolchains/gcc-linaro-6.4.1-2017.11-x86_64_arm-linux-gnueabihf/bin/../arm-linux-gnueabihf/libc/usr/local/include"]
  ignore line: [ignoring duplicate directory "/home/server/toolchains/gcc-linaro-6.4.1-2017.11-x86_64_arm-linux-gnueabihf/bin/../lib/gcc/../../lib/gcc/arm-linux-gnueabihf/6.4.1/include-fixed"]
  ignore line: [ignoring duplicate directory "/home/server/toolchains/gcc-linaro-6.4.1-2017.11-x86_64_arm-linux-gnueabihf/bin/../lib/gcc/../../lib/gcc/arm-linux-gnueabihf/6.4.1/../../../../arm-linux-gnueabihf/include"]
  ignore line: [ignoring nonexistent directory "/home/server/toolchains/gcc-linaro-6.4.1-2017.11-x86_64_arm-linux-gnueabihf/bin/../arm-linux-gnueabihf/libc/usr/include/arm-linux-gnueabihf"]
  ignore line: [#include "..." search starts here:]
  ignore line: [#include <...> search starts here:]
  ignore line: [ /home/server/toolchains/gcc-linaro-6.4.1-2017.11-x86_64_arm-linux-gnueabihf/bin/../lib/gcc/arm-linux-gnueabihf/6.4.1/../../../../arm-linux-gnueabihf/include/c++/6.4.1]
  ignore line: [ /home/server/toolchains/gcc-linaro-6.4.1-2017.11-x86_64_arm-linux-gnueabihf/bin/../lib/gcc/arm-linux-gnueabihf/6.4.1/../../../../arm-linux-gnueabihf/include/c++/6.4.1/arm-linux-gnueabihf/.]
  ignore line: [ /home/server/toolchains/gcc-linaro-6.4.1-2017.11-x86_64_arm-linux-gnueabihf/bin/../lib/gcc/arm-linux-gnueabihf/6.4.1/../../../../arm-linux-gnueabihf/include/c++/6.4.1/backward]
  ignore line: [ /home/server/toolchains/gcc-linaro-6.4.1-2017.11-x86_64_arm-linux-gnueabihf/bin/../lib/gcc/arm-linux-gnueabihf/6.4.1/include]
  ignore line: [ /home/server/toolchains/gcc-linaro-6.4.1-2017.11-x86_64_arm-linux-gnueabihf/bin/../lib/gcc/arm-linux-gnueabihf/6.4.1/include-fixed]
  ignore line: [ /home/server/toolchains/gcc-linaro-6.4.1-2017.11-x86_64_arm-linux-gnueabihf/bin/../lib/gcc/arm-linux-gnueabihf/6.4.1/../../../../arm-linux-gnueabihf/include]
  ignore line: [ /home/server/toolchains/gcc-linaro-6.4.1-2017.11-x86_64_arm-linux-gnueabihf/bin/../arm-linux-gnueabihf/libc/usr/include]
  ignore line: [End of search list.]
  ignore line: [GNU C++14 (Linaro GCC 6.4-2017.11) version 6.4.1 20171012 (arm-linux-gnueabihf)]
  ignore line: [	compiled by GNU C version 4.8.4  GMP version 6.1.0  MPFR version 3.1.4  MPC version 1.0.3  isl version none]
  ignore line: [GGC heuristics: --param ggc-min-expand=100 --param ggc-min-heapsize=131072]
  ignore line: [Compiler executable checksum: 9f3e01b449d45ad54cc64976166ddde8]
  ignore line: [COLLECT_GCC_OPTIONS='-march=armv7-a' '-mfpu=vfp' '-funsafe-math-optimizations' '-v' '-o' 'CMakeFiles/cmTC_f6bc2.dir/CMakeCXXCompilerABI.cpp.o' '-c' '-shared-libgcc' '-mtune=cortex-a9' '-mfloat-abi=hard' '-mthumb' '-mtls-dialect=gnu']
  ignore line: [ /home/server/toolchains/gcc-linaro-6.4.1-2017.11-x86_64_arm-linux-gnueabihf/bin/../lib/gcc/arm-linux-gnueabihf/6.4.1/../../../../arm-linux-gnueabihf/bin/as -v -march=armv7-a -mfloat-abi=hard -mfpu=vfp -meabi=5 -o CMakeFiles/cmTC_f6bc2.dir/CMakeCXXCompilerABI.cpp.o /tmp/cc3wdVjJ.s]
  ignore line: [GNU assembler version 2.27.0 (arm-linux-gnueabihf) using BFD version (Linaro_Binutils-2017.11) 2.27.0.20161229]
  ignore line: [COMPILER_PATH=/home/server/toolchains/gcc-linaro-6.4.1-2017.11-x86_64_arm-linux-gnueabihf/bin/../libexec/gcc/arm-linux-gnueabihf/6.4.1/:/home/server/toolchains/gcc-linaro-6.4.1-2017.11-x86_64_arm-linux-gnueabihf/bin/../libexec/gcc/arm-linux-gnueabihf/:/home/server/toolchains/gcc-linaro-6.4.1-2017.11-x86_64_arm-linux-gnueabihf/bin/../libexec/gcc/:/home/server/toolchains/gcc-linaro-6.4.1-2017.11-x86_64_arm-linux-gnueabihf/bin/../lib/gcc/arm-linux-gnueabihf/6.4.1/../../../../arm-linux-gnueabihf/bin/]
  ignore line: [LIBRARY_PATH=/home/server/toolchains/gcc-linaro-6.4.1-2017.11-x86_64_arm-linux-gnueabihf/bin/../lib/gcc/arm-linux-gnueabihf/6.4.1/:/home/server/toolchains/gcc-linaro-6.4.1-2017.11-x86_64_arm-linux-gnueabihf/bin/../lib/gcc/arm-linux-gnueabihf/:/home/server/toolchains/gcc-linaro-6.4.1-2017.11-x86_64_arm-linux-gnueabihf/bin/../lib/gcc/:/home/server/toolchains/gcc-linaro-6.4.1-2017.11-x86_64_arm-linux-gnueabihf/bin/../lib/gcc/arm-linux-gnueabihf/6.4.1/../../../../arm-linux-gnueabihf/lib/:/home/server/toolchains/gcc-linaro-6.4.1-2017.11-x86_64_arm-linux-gnueabihf/bin/../arm-linux-gnueabihf/libc/lib/:/home/server/toolchains/gcc-linaro-6.4.1-2017.11-x86_64_arm-linux-gnueabihf/bin/../arm-linux-gnueabihf/libc/usr/lib/]
  ignore line: [COLLECT_GCC_OPTIONS='-march=armv7-a' '-mfpu=vfp' '-funsafe-math-optimizations' '-v' '-o' 'CMakeFiles/cmTC_f6bc2.dir/CMakeCXXCompilerABI.cpp.o' '-c' '-shared-libgcc' '-mtune=cortex-a9' '-mfloat-abi=hard' '-mthumb' '-mtls-dialect=gnu']
  ignore line: [Linking CXX executable cmTC_f6bc2]
  ignore line: [/usr/bin/cmake -E cmake_link_script CMakeFiles/cmTC_f6bc2.dir/link.txt --verbose=1]
  ignore line: [/home/server/toolchains/gcc-linaro-6.4.1-2017.11-x86_64_arm-linux-gnueabihf/bin/arm-linux-gnueabihf-g++ -march=armv7-a -mfpu=vfp -funsafe-math-optimizations   -v CMakeFiles/cmTC_f6bc2.dir/CMakeCXXCompilerABI.cpp.o -o cmTC_f6bc2 ]
  ignore line: [Using built-in specs.]
  ignore line: [COLLECT_GCC=/home/server/toolchains/gcc-linaro-6.4.1-2017.11-x86_64_arm-linux-gnueabihf/bin/arm-linux-gnueabihf-g++]
  ignore line: [COLLECT_LTO_WRAPPER=/home/server/toolchains/gcc-linaro-6.4.1-2017.11-x86_64_arm-linux-gnueabihf/bin/../libexec/gcc/arm-linux-gnueabihf/6.4.1/lto-wrapper]
  ignore line: [Target: arm-linux-gnueabihf]
  ignore line: [Configured with: '/home/tcwg-buildslave/workspace/tcwg-make-release/builder_arch/amd64/label/tcwg-x86_64-build/target/arm-linux-gnueabihf/snapshots/gcc.git~linaro-6.4-2017.11/configure' SHELL=/bin/bash --with-mpc=/home/tcwg-buildslave/workspace/tcwg-make-release/builder_arch/amd64/label/tcwg-x86_64-build/target/arm-linux-gnueabihf/_build/builds/destdir/x86_64-unknown-linux-gnu --with-mpfr=/home/tcwg-buildslave/workspace/tcwg-make-release/builder_arch/amd64/label/tcwg-x86_64-build/target/arm-linux-gnueabihf/_build/builds/destdir/x86_64-unknown-linux-gnu --with-gmp=/home/tcwg-buildslave/workspace/tcwg-make-release/builder_arch/amd64/label/tcwg-x86_64-build/target/arm-linux-gnueabihf/_build/builds/destdir/x86_64-unknown-linux-gnu --with-gnu-as --with-gnu-ld --disable-libmudflap --enable-lto --enable-shared --without-included-gettext --enable-nls --disable-sjlj-exceptions --enable-gnu-unique-object --enable-linker-build-id --disable-libstdcxx-pch --enable-c99 --enable-clocale=gnu --enable-libstdcxx-debug --enable-long-long --with-cloog=no --with-ppl=no --with-isl=no --disable-multilib --with-float=hard --with-fpu=vfpv3-d16 --with-mode=thumb --with-tune=cortex-a9 --with-arch=armv7-a --enable-threads=posix --enable-multiarch --enable-libstdcxx-time=yes --enable-gnu-indirect-function --with-build-sysroot=/home/tcwg-buildslave/workspace/tcwg-make-release/builder_arch/amd64/label/tcwg-x86_64-build/target/arm-linux-gnueabihf/_build/sysroots/arm-linux-gnueabihf --with-sysroot=/home/tcwg-buildslave/workspace/tcwg-make-release/builder_arch/amd64/label/tcwg-x86_64-build/target/arm-linux-gnueabihf/_build/builds/destdir/x86_64-unknown-linux-gnu/arm-linux-gnueabihf/libc --enable-checking=release --disable-bootstrap --enable-languages=c,c++,fortran,lto --build=x86_64-unknown-linux-gnu --host=x86_64-unknown-linux-gnu --target=arm-linux-gnueabihf --prefix=/home/tcwg-buildslave/workspace/tcwg-make-release/builder_arch/amd64/label/tcwg-x86_64-build/target/arm-linux-gnueabihf/_build/builds/destdir/x86_64-unknown-linux-gnu]
  ignore line: [Thread model: posix]
  ignore line: [gcc version 6.4.1 20171012 (Linaro GCC 6.4-2017.11) ]
  ignore line: [COMPILER_PATH=/home/server/toolchains/gcc-linaro-6.4.1-2017.11-x86_64_arm-linux-gnueabihf/bin/../libexec/gcc/arm-linux-gnueabihf/6.4.1/:/home/server/toolchains/gcc-linaro-6.4.1-2017.11-x86_64_arm-linux-gnueabihf/bin/../libexec/gcc/arm-linux-gnueabihf/:/home/server/toolchains/gcc-linaro-6.4.1-2017.11-x86_64_arm-linux-gnueabihf/bin/../libexec/gcc/:/home/server/toolchains/gcc-linaro-6.4.1-2017.11-x86_64_arm-linux-gnueabihf/bin/../lib/gcc/arm-linux-gnueabihf/6.4.1/../../../../arm-linux-gnueabihf/bin/]
  ignore line: [LIBRARY_PATH=/home/server/toolchains/gcc-linaro-6.4.1-2017.11-x86_64_arm-linux-gnueabihf/bin/../lib/gcc/arm-linux-gnueabihf/6.4.1/:/home/server/toolchains/gcc-linaro-6.4.1-2017.11-x86_64_arm-linux-gnueabihf/bin/../lib/gcc/arm-linux-gnueabihf/:/home/server/toolchains/gcc-linaro-6.4.1-2017.11-x86_64_arm-linux-gnueabihf/bin/../lib/gcc/:/home/server/toolchains/gcc-linaro-6.4.1-2017.11-x86_64_arm-linux-gnueabihf/bin/../lib/gcc/arm-linux-gnueabihf/6.4.1/../../../../arm-linux-gnueabihf/lib/:/home/server/toolchains/gcc-linaro-6.4.1-2017.11-x86_64_arm-linux-gnueabihf/bin/../arm-linux-gnueabihf/libc/lib/:/home/server/toolchains/gcc-linaro-6.4.1-2017.11-x86_64_arm-linux-gnueabihf/bin/../arm-linux-gnueabihf/libc/usr/lib/]
  ignore line: [COLLECT_GCC_OPTIONS='-march=armv7-a' '-mfpu=vfp' '-funsafe-math-optimizations' '-v' '-o' 'cmTC_f6bc2' '-shared-libgcc' '-mtune=cortex-a9' '-mfloat-abi=hard' '-mthumb' '-mtls-dialect=gnu']
  link line: [ /home/server/toolchains/gcc-linaro-6.4.1-2017.11-x86_64_arm-linux-gnueabihf/bin/../libexec/gcc/arm-linux-gnueabihf/6.4.1/collect2 -plugin /home/server/toolchains/gcc-linaro-6.4.1-2017.11-x86_64_arm-linux-gnueabihf/bin/../libexec/gcc/arm-linux-gnueabihf/6.4.1/liblto_plugin.so -plugin-opt=/home/server/toolchains/gcc-linaro-6.4.1-2017.11-x86_64_arm-linux-gnueabihf/bin/../libexec/gcc/arm-linux-gnueabihf/6.4.1/lto-wrapper -plugin-opt=-fresolution=/tmp/ccbizWLM.res -plugin-opt=-pass-through=-lgcc_s -plugin-opt=-pass-through=-lgcc -plugin-opt=-pass-through=-lc -plugin-opt=-pass-through=-lgcc_s -plugin-opt=-pass-through=-lgcc --sysroot=/home/server/toolchains/gcc-linaro-6.4.1-2017.11-x86_64_arm-linux-gnueabihf/bin/../arm-linux-gnueabihf/libc --build-id --eh-frame-hdr -dynamic-linker /lib/ld-linux-armhf.so.3 -X -m armelf_linux_eabi -o cmTC_f6bc2 /home/server/toolchains/gcc-linaro-6.4.1-2017.11-x86_64_arm-linux-gnueabihf/bin/../arm-linux-gnueabihf/libc/usr/lib/crt1.o /home/server/toolchains/gcc-linaro-6.4.1-2017.11-x86_64_arm-linux-gnueabihf/bin/../arm-linux-gnueabihf/libc/usr/lib/crti.o /home/server/toolchains/gcc-linaro-6.4.1-2017.11-x86_64_arm-linux-gnueabihf/bin/../lib/gcc/arm-linux-gnueabihf/6.4.1/crtbegin.o -L/home/server/toolchains/gcc-linaro-6.4.1-2017.11-x86_64_arm-linux-gnueabihf/bin/../lib/gcc/arm-linux-gnueabihf/6.4.1 -L/home/server/toolchains/gcc-linaro-6.4.1-2017.11-x86_64_arm-linux-gnueabihf/bin/../lib/gcc/arm-linux-gnueabihf -L/home/server/toolchains/gcc-linaro-6.4.1-2017.11-x86_64_arm-linux-gnueabihf/bin/../lib/gcc -L/home/server/toolchains/gcc-linaro-6.4.1-2017.11-x86_64_arm-linux-gnueabihf/bin/../lib/gcc/arm-linux-gnueabihf/6.4.1/../../../../arm-linux-gnueabihf/lib -L/home/server/toolchains/gcc-linaro-6.4.1-2017.11-x86_64_arm-linux-gnueabihf/bin/../arm-linux-gnueabihf/libc/lib -L/home/server/toolchains/gcc-linaro-6.4.1-2017.11-x86_64_arm-linux-gnueabihf/bin/../arm-linux-gnueabihf/libc/usr/lib CMakeFiles/cmTC_f6bc2.dir/CMakeCXXCompilerABI.cpp.o -lstdc++ -lm -lgcc_s -lgcc -lc -lgcc_s -lgcc /home/server/toolchains/gcc-linaro-6.4.1-2017.11-x86_64_arm-linux-gnueabihf/bin/../lib/gcc/arm-linux-gnueabihf/6.4.1/crtfastmath.o /home/server/toolchains/gcc-linaro-6.4.1-2017.11-x86_64_arm-linux-gnueabihf/bin/../lib/gcc/arm-linux-gnueabihf/6.4.1/crtend.o /home/server/toolchains/gcc-linaro-6.4.1-2017.11-x86_64_arm-linux-gnueabihf/bin/../arm-linux-gnueabihf/libc/usr/lib/crtn.o]
    arg [/home/server/toolchains/gcc-linaro-6.4.1-2017.11-x86_64_arm-linux-gnueabihf/bin/../libexec/gcc/arm-linux-gnueabihf/6.4.1/collect2] ==> ignore
    arg [-plugin] ==> ignore
    arg [/home/server/toolchains/gcc-linaro-6.4.1-2017.11-x86_64_arm-linux-gnueabihf/bin/../libexec/gcc/arm-linux-gnueabihf/6.4.1/liblto_plugin.so] ==> ignore
    arg [-plugin-opt=/home/server/toolchains/gcc-linaro-6.4.1-2017.11-x86_64_arm-linux-gnueabihf/bin/../libexec/gcc/arm-linux-gnueabihf/6.4.1/lto-wrapper] ==> ignore
    arg [-plugin-opt=-fresolution=/tmp/ccbizWLM.res] ==> ignore
    arg [-plugin-opt=-pass-through=-lgcc_s] ==> ignore
    arg [-plugin-opt=-pass-through=-lgcc] ==> ignore
    arg [-plugin-opt=-pass-through=-lc] ==> ignore
    arg [-plugin-opt=-pass-through=-lgcc_s] ==> ignore
    arg [-plugin-opt=-pass-through=-lgcc] ==> ignore
    arg [--sysroot=/home/server/toolchains/gcc-linaro-6.4.1-2017.11-x86_64_arm-linux-gnueabihf/bin/../arm-linux-gnueabihf/libc] ==> ignore
    arg [--build-id] ==> ignore
    arg [--eh-frame-hdr] ==> ignore
    arg [-dynamic-linker] ==> ignore
    arg [/lib/ld-linux-armhf.so.3] ==> ignore
    arg [-X] ==> ignore
    arg [-m] ==> ignore
    arg [armelf_linux_eabi] ==> ignore
    arg [-o] ==> ignore
    arg [cmTC_f6bc2] ==> ignore
    arg [/home/server/toolchains/gcc-linaro-6.4.1-2017.11-x86_64_arm-linux-gnueabihf/bin/../arm-linux-gnueabihf/libc/usr/lib/crt1.o] ==> obj [/home/server/toolchains/gcc-linaro-6.4.1-2017.11-x86_64_arm-linux-gnueabihf/bin/../arm-linux-gnueabihf/libc/usr/lib/crt1.o]
    arg [/home/server/toolchains/gcc-linaro-6.4.1-2017.11-x86_64_arm-linux-gnueabihf/bin/../arm-linux-gnueabihf/libc/usr/lib/crti.o] ==> obj [/home/server/toolchains/gcc-linaro-6.4.1-2017.11-x86_64_arm-linux-gnueabihf/bin/../arm-linux-gnueabihf/libc/usr/lib/crti.o]
    arg [/home/server/toolchains/gcc-linaro-6.4.1-2017.11-x86_64_arm-linux-gnueabihf/bin/../lib/gcc/arm-linux-gnueabihf/6.4.1/crtbegin.o] ==> obj [/home/server/toolchains/gcc-linaro-6.4.1-2017.11-x86_64_arm-linux-gnueabihf/bin/../lib/gcc/arm-linux-gnueabihf/6.4.1/crtbegin.o]
    arg [-L/home/server/toolchains/gcc-linaro-6.4.1-2017.11-x86_64_arm-linux-gnueabihf/bin/../lib/gcc/arm-linux-gnueabihf/6.4.1] ==> dir [/home/server/toolchains/gcc-linaro-6.4.1-2017.11-x86_64_arm-linux-gnueabihf/bin/../lib/gcc/arm-linux-gnueabihf/6.4.1]
    arg [-L/home/server/toolchains/gcc-linaro-6.4.1-2017.11-x86_64_arm-linux-gnueabihf/bin/../lib/gcc/arm-linux-gnueabihf] ==> dir [/home/server/toolchains/gcc-linaro-6.4.1-2017.11-x86_64_arm-linux-gnueabihf/bin/../lib/gcc/arm-linux-gnueabihf]
    arg [-L/home/server/toolchains/gcc-linaro-6.4.1-2017.11-x86_64_arm-linux-gnueabihf/bin/../lib/gcc] ==> dir [/home/server/toolchains/gcc-linaro-6.4.1-2017.11-x86_64_arm-linux-gnueabihf/bin/../lib/gcc]
    arg [-L/home/server/toolchains/gcc-linaro-6.4.1-2017.11-x86_64_arm-linux-gnueabihf/bin/../lib/gcc/arm-linux-gnueabihf/6.4.1/../../../../arm-linux-gnueabihf/lib] ==> dir [/home/server/toolchains/gcc-linaro-6.4.1-2017.11-x86_64_arm-linux-gnueabihf/bin/../lib/gcc/arm-linux-gnueabihf/6.4.1/../../../../arm-linux-gnueabihf/lib]
    arg [-L/home/server/toolchains/gcc-linaro-6.4.1-2017.11-x86_64_arm-linux-gnueabihf/bin/../arm-linux-gnueabihf/libc/lib] ==> dir [/home/server/toolchains/gcc-linaro-6.4.1-2017.11-x86_64_arm-linux-gnueabihf/bin/../arm-linux-gnueabihf/libc/lib]
    arg [-L/home/server/toolchains/gcc-linaro-6.4.1-2017.11-x86_64_arm-linux-gnueabihf/bin/../arm-linux-gnueabihf/libc/usr/lib] ==> dir [/home/server/toolchains/gcc-linaro-6.4.1-2017.11-x86_64_arm-linux-gnueabihf/bin/../arm-linux-gnueabihf/libc/usr/lib]
    arg [CMakeFiles/cmTC_f6bc2.dir/CMakeCXXCompilerABI.cpp.o] ==> ignore
    arg [-lstdc++] ==> lib [stdc++]
    arg [-lm] ==> lib [m]
    arg [-lgcc_s] ==> lib [gcc_s]
    arg [-lgcc] ==> lib [gcc]
    arg [-lc] ==> lib [c]
    arg [-lgcc_s] ==> lib [gcc_s]
    arg [-lgcc] ==> lib [gcc]
    arg [/home/server/toolchains/gcc-linaro-6.4.1-2017.11-x86_64_arm-linux-gnueabihf/bin/../lib/gcc/arm-linux-gnueabihf/6.4.1/crtfastmath.o] ==> obj [/home/server/toolchains/gcc-linaro-6.4.1-2017.11-x86_64_arm-linux-gnueabihf/bin/../lib/gcc/arm-linux-gnueabihf/6.4.1/crtfastmath.o]
    arg [/home/server/toolchains/gcc-linaro-6.4.1-2017.11-x86_64_arm-linux-gnueabihf/bin/../lib/gcc/arm-linux-gnueabihf/6.4.1/crtend.o] ==> obj [/home/server/toolchains/gcc-linaro-6.4.1-2017.11-x86_64_arm-linux-gnueabihf/bin/../lib/gcc/arm-linux-gnueabihf/6.4.1/crtend.o]
    arg [/home/server/toolchains/gcc-linaro-6.4.1-2017.11-x86_64_arm-linux-gnueabihf/bin/../arm-linux-gnueabihf/libc/usr/lib/crtn.o] ==> obj [/home/server/toolchains/gcc-linaro-6.4.1-2017.11-x86_64_arm-linux-gnueabihf/bin/../arm-linux-gnueabihf/libc/usr/lib/crtn.o]
  collapse obj [/home/server/toolchains/gcc-linaro-6.4.1-2017.11-x86_64_arm-linux-gnueabihf/bin/../arm-linux-gnueabihf/libc/usr/lib/crt1.o] ==> [/home/server/toolchains/gcc-linaro-6.4.1-2017.11-x86_64_arm-linux-gnueabihf/arm-linux-gnueabihf/libc/usr/lib/crt1.o]
  collapse obj [/home/server/toolchains/gcc-linaro-6.4.1-2017.11-x86_64_arm-linux-gnueabihf/bin/../arm-linux-gnueabihf/libc/usr/lib/crti.o] ==> [/home/server/toolchains/gcc-linaro-6.4.1-2017.11-x86_64_arm-linux-gnueabihf/arm-linux-gnueabihf/libc/usr/lib/crti.o]
  collapse obj [/home/server/toolchains/gcc-linaro-6.4.1-2017.11-x86_64_arm-linux-gnueabihf/bin/../lib/gcc/arm-linux-gnueabihf/6.4.1/crtbegin.o] ==> [/home/server/toolchains/gcc-linaro-6.4.1-2017.11-x86_64_arm-linux-gnueabihf/lib/gcc/arm-linux-gnueabihf/6.4.1/crtbegin.o]
  collapse obj [/home/server/toolchains/gcc-linaro-6.4.1-2017.11-x86_64_arm-linux-gnueabihf/bin/../lib/gcc/arm-linux-gnueabihf/6.4.1/crtfastmath.o] ==> [/home/server/toolchains/gcc-linaro-6.4.1-2017.11-x86_64_arm-linux-gnueabihf/lib/gcc/arm-linux-gnueabihf/6.4.1/crtfastmath.o]
  collapse obj [/home/server/toolchains/gcc-linaro-6.4.1-2017.11-x86_64_arm-linux-gnueabihf/bin/../lib/gcc/arm-linux-gnueabihf/6.4.1/crtend.o] ==> [/home/server/toolchains/gcc-linaro-6.4.1-2017.11-x86_64_arm-linux-gnueabihf/lib/gcc/arm-linux-gnueabihf/6.4.1/crtend.o]
  collapse obj [/home/server/toolchains/gcc-linaro-6.4.1-2017.11-x86_64_arm-linux-gnueabihf/bin/../arm-linux-gnueabihf/libc/usr/lib/crtn.o] ==> [/home/server/toolchains/gcc-linaro-6.4.1-2017.11-x86_64_arm-linux-gnueabihf/arm-linux-gnueabihf/libc/usr/lib/crtn.o]
  collapse library dir [/home/server/toolchains/gcc-linaro-6.4.1-2017.11-x86_64_arm-linux-gnueabihf/bin/../lib/gcc/arm-linux-gnueabihf/6.4.1] ==> [/home/server/toolchains/gcc-linaro-6.4.1-2017.11-x86_64_arm-linux-gnueabihf/lib/gcc/arm-linux-gnueabihf/6.4.1]
  collapse library dir [/home/server/toolchains/gcc-linaro-6.4.1-2017.11-x86_64_arm-linux-gnueabihf/bin/../lib/gcc/arm-linux-gnueabihf] ==> [/home/server/toolchains/gcc-linaro-6.4.1-2017.11-x86_64_arm-linux-gnueabihf/lib/gcc/arm-linux-gnueabihf]
  collapse library dir [/home/server/toolchains/gcc-linaro-6.4.1-2017.11-x86_64_arm-linux-gnueabihf/bin/../lib/gcc] ==> [/home/server/toolchains/gcc-linaro-6.4.1-2017.11-x86_64_arm-linux-gnueabihf/lib/gcc]
  collapse library dir [/home/server/toolchains/gcc-linaro-6.4.1-2017.11-x86_64_arm-linux-gnueabihf/bin/../lib/gcc/arm-linux-gnueabihf/6.4.1/../../../../arm-linux-gnueabihf/lib] ==> [/home/server/toolchains/gcc-linaro-6.4.1-2017.11-x86_64_arm-linux-gnueabihf/arm-linux-gnueabihf/lib]
  collapse library dir [/home/server/toolchains/gcc-linaro-6.4.1-2017.11-x86_64_arm-linux-gnueabihf/bin/../arm-linux-gnueabihf/libc/lib] ==> [/home/server/toolchains/gcc-linaro-6.4.1-2017.11-x86_64_arm-linux-gnueabihf/arm-linux-gnueabihf/libc/lib]
  collapse library dir [/home/server/toolchains/gcc-linaro-6.4.1-2017.11-x86_64_arm-linux-gnueabihf/bin/../arm-linux-gnueabihf/libc/usr/lib] ==> [/home/server/toolchains/gcc-linaro-6.4.1-2017.11-x86_64_arm-linux-gnueabihf/arm-linux-gnueabihf/libc/usr/lib]
  implicit libs: [stdc++;m;gcc_s;gcc;c;gcc_s;gcc]
  implicit objs: [/home/server/toolchains/gcc-linaro-6.4.1-2017.11-x86_64_arm-linux-gnueabihf/arm-linux-gnueabihf/libc/usr/lib/crt1.o;/home/server/toolchains/gcc-linaro-6.4.1-2017.11-x86_64_arm-linux-gnueabihf/arm-linux-gnueabihf/libc/usr/lib/crti.o;/home/server/toolchains/gcc-linaro-6.4.1-2017.11-x86_64_arm-linux-gnueabihf/lib/gcc/arm-linux-gnueabihf/6.4.1/crtbegin.o;/home/server/toolchains/gcc-linaro-6.4.1-2017.11-x86_64_arm-linux-gnueabihf/lib/gcc/arm-linux-gnueabihf/6.4.1/crtfastmath.o;/home/server/toolchains/gcc-linaro-6.4.1-2017.11-x86_64_arm-linux-gnueabihf/lib/gcc/arm-linux-gnueabihf/6.4.1/crtend.o;/home/server/toolchains/gcc-linaro-6.4.1-2017.11-x86_64_arm-linux-gnueabihf/arm-linux-gnueabihf/libc/usr/lib/crtn.o]
  implicit dirs: [/home/server/toolchains/gcc-linaro-6.4.1-2017.11-x86_64_arm-linux-gnueabihf/lib/gcc/arm-linux-gnueabihf/6.4.1;/home/server/toolchains/gcc-linaro-6.4.1-2017.11-x86_64_arm-linux-gnueabihf/lib/gcc/arm-linux-gnueabihf;/home/server/toolchains/gcc-linaro-6.4.1-2017.11-x86_64_arm-linux-gnueabihf/lib/gcc;/home/server/toolchains/gcc-linaro-6.4.1-2017.11-x86_64_arm-linux-gnueabihf/arm-linux-gnueabihf/lib;/home/server/toolchains/gcc-linaro-6.4.1-2017.11-x86_64_arm-linux-gnueabihf/arm-linux-gnueabihf/libc/lib;/home/server/toolchains/gcc-linaro-6.4.1-2017.11-x86_64_arm-linux-gnueabihf/arm-linux-gnueabihf/libc/usr/lib]
  implicit fwks: []


